{"meta": {"format": 3, "version": "7.11.0", "timestamp": "2025-10-29T22:39:27.780526", "branch_coverage": false, "show_contexts": false}, "files": {"src/ci_helper/__init__.py": {"executed_lines": [1, 8, 9, 10, 13, 15], "summary": {"covered_lines": 5, "num_statements": 5, "percent_covered": 100.0, "percent_covered_display": "100", "missing_lines": 0, "excluded_lines": 0}, "missing_lines": [], "excluded_lines": [], "functions": {"": {"executed_lines": [1, 8, 9, 10, 13, 15], "summary": {"covered_lines": 5, "num_statements": 5, "percent_covered": 100.0, "percent_covered_display": "100", "missing_lines": 0, "excluded_lines": 0}, "missing_lines": [], "excluded_lines": []}}, "classes": {"": {"executed_lines": [1, 8, 9, 10, 13, 15], "summary": {"covered_lines": 5, "num_statements": 5, "percent_covered": 100.0, "percent_covered_display": "100", "missing_lines": 0, "excluded_lines": 0}, "missing_lines": [], "excluded_lines": []}}}, "src/ci_helper/ai/__init__.py": {"executed_lines": [1, 8, 10, 15, 16, 17, 18, 19, 20, 21, 32, 33, 36, 37, 38, 39, 40, 41, 42, 44], "summary": {"covered_lines": 19, "num_statements": 19, "percent_covered": 100.0, "percent_covered_display": "100", "missing_lines": 0, "excluded_lines": 0}, "missing_lines": [], "excluded_lines": [], "functions": {"": {"executed_lines": [1, 8, 10, 15, 16, 17, 18, 19, 20, 21, 32, 33, 36, 37, 38, 39, 40, 41, 42, 44], "summary": {"covered_lines": 19, "num_statements": 19, "percent_covered": 100.0, "percent_covered_display": "100", "missing_lines": 0, "excluded_lines": 0}, "missing_lines": [], "excluded_lines": []}}, "classes": {"": {"executed_lines": [1, 8, 10, 15, 16, 17, 18, 19, 20, 21, 32, 33, 36, 37, 38, 39, 40, 41, 42, 44], "summary": {"covered_lines": 19, "num_statements": 19, "percent_covered": 100.0, "percent_covered_display": "100", "missing_lines": 0, "excluded_lines": 0}, "missing_lines": [], "excluded_lines": []}}}, "src/ci_helper/ai/approval_system.py": {"executed_lines": [1, 7, 9, 10, 11, 12, 14, 15, 16, 17, 18, 20, 22, 25, 26, 28, 29, 30, 33, 34, 36, 37, 38, 39, 42, 43, 45, 46, 47, 48, 50, 51, 56, 57, 63, 70, 71, 72, 75, 77, 94, 97, 106, 107, 108, 109, 120, 137, 144, 146, 149, 152, 162, 164, 165, 166, 167, 170, 171, 190, 201, 205, 208, 210, 301, 356, 384, 392, 402, 403, 405, 411, 412, 441, 448, 450], "summary": {"covered_lines": 71, "num_statements": 179, "percent_covered": 39.66480446927374, "percent_covered_display": "40", "missing_lines": 108, "excluded_lines": 0}, "missing_lines": [53, 98, 102, 103, 112, 115, 116, 118, 138, 139, 140, 141, 145, 147, 174, 177, 178, 181, 182, 183, 184, 185, 186, 188, 202, 206, 225, 228, 230, 231, 232, 234, 235, 236, 237, 239, 240, 241, 243, 246, 247, 250, 251, 253, 254, 256, 257, 260, 261, 262, 268, 271, 272, 273, 279, 282, 283, 284, 292, 293, 312, 313, 314, 315, 317, 319, 321, 330, 332, 333, 334, 336, 337, 338, 339, 340, 341, 342, 344, 345, 346, 347, 349, 351, 352, 353, 354, 365, 366, 367, 368, 369, 370, 371, 372, 373, 374, 375, 376, 377, 378, 379, 380, 382, 423, 424, 426, 451], "excluded_lines": [], "functions": {"ApprovalResult.__init__": {"executed_lines": [46, 47, 48], "summary": {"covered_lines": 3, "num_statements": 3, "percent_covered": 100.0, "percent_covered_display": "100", "missing_lines": 0, "excluded_lines": 0}, "missing_lines": [], "excluded_lines": []}, "ApprovalResult.approved": {"executed_lines": [], "summary": {"covered_lines": 0, "num_statements": 1, "percent_covered": 0.0, "percent_covered_display": "0", "missing_lines": 1, "excluded_lines": 0}, "missing_lines": [53], "excluded_lines": []}, "UserApprovalSystem.__init__": {"executed_lines": [70, 71, 72, 75], "summary": {"covered_lines": 4, "num_statements": 4, "percent_covered": 100.0, "percent_covered_display": "100", "missing_lines": 0, "excluded_lines": 0}, "missing_lines": [], "excluded_lines": []}, "UserApprovalSystem.request_approval": {"executed_lines": [94, 97, 106, 107, 108, 109], "summary": {"covered_lines": 6, "num_statements": 13, "percent_covered": 46.15384615384615, "percent_covered_display": "46", "missing_lines": 7, "excluded_lines": 0}, "missing_lines": [98, 102, 103, 112, 115, 116, 118], "excluded_lines": []}, "UserApprovalSystem._assess_risk_level": {"executed_lines": [137, 144, 146, 149, 152, 162, 164, 165, 166, 167, 170, 171], "summary": {"covered_lines": 12, "num_statements": 28, "percent_covered": 42.857142857142854, "percent_covered_display": "43", "missing_lines": 16, "excluded_lines": 0}, "missing_lines": [138, 139, 140, 141, 145, 147, 174, 177, 178, 181, 182, 183, 184, 185, 186, 188], "excluded_lines": []}, "UserApprovalSystem._should_auto_approve": {"executed_lines": [201, 205, 208], "summary": {"covered_lines": 3, "num_statements": 5, "percent_covered": 60.0, "percent_covered_display": "60", "missing_lines": 2, "excluded_lines": 0}, "missing_lines": [202, 206], "excluded_lines": []}, "UserApprovalSystem._display_fix_preview": {"executed_lines": [], "summary": {"covered_lines": 0, "num_statements": 34, "percent_covered": 0.0, "percent_covered_display": "0", "missing_lines": 34, "excluded_lines": 0}, "missing_lines": [225, 228, 230, 231, 232, 234, 235, 236, 237, 239, 240, 241, 243, 246, 247, 250, 251, 253, 254, 256, 257, 260, 261, 262, 268, 271, 272, 273, 279, 282, 283, 284, 292, 293], "excluded_lines": []}, "UserApprovalSystem._get_user_decision": {"executed_lines": [], "summary": {"covered_lines": 0, "num_statements": 27, "percent_covered": 0.0, "percent_covered_display": "0", "missing_lines": 27, "excluded_lines": 0}, "missing_lines": [312, 313, 314, 315, 317, 319, 321, 330, 332, 333, 334, 336, 337, 338, 339, 340, 341, 342, 344, 345, 346, 347, 349, 351, 352, 353, 354], "excluded_lines": []}, "UserApprovalSystem._get_lexer_for_file": {"executed_lines": [], "summary": {"covered_lines": 0, "num_statements": 17, "percent_covered": 0.0, "percent_covered_display": "0", "missing_lines": 17, "excluded_lines": 0}, "missing_lines": [365, 366, 367, 368, 369, 370, 371, 372, 373, 374, 375, 376, 377, 378, 379, 380, 382], "excluded_lines": []}, "UserApprovalSystem._record_approval": {"executed_lines": [392, 402, 403], "summary": {"covered_lines": 3, "num_statements": 3, "percent_covered": 100.0, "percent_covered_display": "100", "missing_lines": 0, "excluded_lines": 0}, "missing_lines": [], "excluded_lines": []}, "UserApprovalSystem.get_approval_summary": {"executed_lines": [411, 412], "summary": {"covered_lines": 2, "num_statements": 5, "percent_covered": 40.0, "percent_covered_display": "40", "missing_lines": 3, "excluded_lines": 0}, "missing_lines": [423, 424, 426], "excluded_lines": []}, "UserApprovalSystem.set_auto_approve_policy": {"executed_lines": [448, 450], "summary": {"covered_lines": 2, "num_statements": 3, "percent_covered": 66.66666666666667, "percent_covered_display": "67", "missing_lines": 1, "excluded_lines": 0}, "missing_lines": [451], "excluded_lines": []}, "": {"executed_lines": [1, 7, 9, 10, 11, 12, 14, 15, 16, 17, 18, 20, 22, 25, 26, 28, 29, 30, 33, 34, 36, 37, 38, 39, 42, 43, 45, 50, 51, 56, 57, 63, 77, 120, 190, 210, 301, 356, 384, 405, 441], "summary": {"covered_lines": 36, "num_statements": 36, "percent_covered": 100.0, "percent_covered_display": "100", "missing_lines": 0, "excluded_lines": 0}, "missing_lines": [], "excluded_lines": []}}, "classes": {"RiskLevel": {"executed_lines": [], "summary": {"covered_lines": 0, "num_statements": 0, "percent_covered": 100.0, "percent_covered_display": "100", "missing_lines": 0, "excluded_lines": 0}, "missing_lines": [], "excluded_lines": []}, "ApprovalDecision": {"executed_lines": [], "summary": {"covered_lines": 0, "num_statements": 0, "percent_covered": 100.0, "percent_covered_display": "100", "missing_lines": 0, "excluded_lines": 0}, "missing_lines": [], "excluded_lines": []}, "ApprovalResult": {"executed_lines": [46, 47, 48], "summary": {"covered_lines": 3, "num_statements": 4, "percent_covered": 75.0, "percent_covered_display": "75", "missing_lines": 1, "excluded_lines": 0}, "missing_lines": [53], "excluded_lines": []}, "UserApprovalSystem": {"executed_lines": [70, 71, 72, 75, 94, 97, 106, 107, 108, 109, 137, 144, 146, 149, 152, 162, 164, 165, 166, 167, 170, 171, 201, 205, 208, 392, 402, 403, 411, 412, 448, 450], "summary": {"covered_lines": 32, "num_statements": 139, "percent_covered": 23.02158273381295, "percent_covered_display": "23", "missing_lines": 107, "excluded_lines": 0}, "missing_lines": [98, 102, 103, 112, 115, 116, 118, 138, 139, 140, 141, 145, 147, 174, 177, 178, 181, 182, 183, 184, 185, 186, 188, 202, 206, 225, 228, 230, 231, 232, 234, 235, 236, 237, 239, 240, 241, 243, 246, 247, 250, 251, 253, 254, 256, 257, 260, 261, 262, 268, 271, 272, 273, 279, 282, 283, 284, 292, 293, 312, 313, 314, 315, 317, 319, 321, 330, 332, 333, 334, 336, 337, 338, 339, 340, 341, 342, 344, 345, 346, 347, 349, 351, 352, 353, 354, 365, 366, 367, 368, 369, 370, 371, 372, 373, 374, 375, 376, 377, 378, 379, 380, 382, 423, 424, 426, 451], "excluded_lines": []}, "": {"executed_lines": [1, 7, 9, 10, 11, 12, 14, 15, 16, 17, 18, 20, 22, 25, 26, 28, 29, 30, 33, 34, 36, 37, 38, 39, 42, 43, 45, 50, 51, 56, 57, 63, 77, 120, 190, 210, 301, 356, 384, 405, 441], "summary": {"covered_lines": 36, "num_statements": 36, "percent_covered": 100.0, "percent_covered_display": "100", "missing_lines": 0, "excluded_lines": 0}, "missing_lines": [], "excluded_lines": []}}}, "src/ci_helper/ai/auto_fix_config.py": {"executed_lines": [1, 7, 9, 10, 11, 12, 14, 15, 18, 19, 21, 24, 25, 27, 33, 34, 35, 37, 43, 52, 58, 66, 72, 75, 83, 85, 91, 100, 106, 116, 125, 135, 137, 138, 139, 140, 142, 143, 144, 147, 148, 149, 150, 151, 153, 156, 157, 158, 159, 160, 161, 163, 166, 167, 169, 170, 173, 174, 176, 178, 182, 183, 185, 186, 187, 188, 194, 196, 205, 207, 208, 213, 223, 224, 227, 230, 232, 234, 244, 247, 250, 256, 257, 258, 260, 261, 266, 272, 273, 275, 276, 277, 279, 281, 282, 287, 293, 295, 301, 302, 303, 305, 311, 312, 331, 341, 342, 343, 344, 347, 348, 349, 352, 353, 354, 355, 357, 367, 369, 370, 371, 372, 374, 383, 384, 386, 394, 403, 406, 419, 420, 433, 442, 454, 456, 465, 484, 490], "summary": {"covered_lines": 135, "num_statements": 153, "percent_covered": 88.23529411764706, "percent_covered_display": "88", "missing_lines": 18, "excluded_lines": 0}, "missing_lines": [175, 177, 179, 190, 191, 192, 314, 315, 316, 318, 320, 321, 322, 323, 324, 326, 327, 329], "excluded_lines": [], "functions": {"AutoFixConfigManager.__init__": {"executed_lines": [33, 34, 35], "summary": {"covered_lines": 3, "num_statements": 3, "percent_covered": 100.0, "percent_covered_display": "100", "missing_lines": 0, "excluded_lines": 0}, "missing_lines": [], "excluded_lines": []}, "AutoFixConfigManager.get_auto_fix_settings": {"executed_lines": [43], "summary": {"covered_lines": 1, "num_statements": 1, "percent_covered": 100.0, "percent_covered_display": "100", "missing_lines": 0, "excluded_lines": 0}, "missing_lines": [], "excluded_lines": []}, "AutoFixConfigManager.get_backup_policy": {"executed_lines": [58], "summary": {"covered_lines": 1, "num_statements": 1, "percent_covered": 100.0, "percent_covered_display": "100", "missing_lines": 0, "excluded_lines": 0}, "missing_lines": [], "excluded_lines": []}, "AutoFixConfigManager.get_approval_settings": {"executed_lines": [72, 75, 83], "summary": {"covered_lines": 3, "num_statements": 3, "percent_covered": 100.0, "percent_covered_display": "100", "missing_lines": 0, "excluded_lines": 0}, "missing_lines": [], "excluded_lines": []}, "AutoFixConfigManager.get_safety_checks": {"executed_lines": [91], "summary": {"covered_lines": 1, "num_statements": 1, "percent_covered": 100.0, "percent_covered_display": "100", "missing_lines": 0, "excluded_lines": 0}, "missing_lines": [], "excluded_lines": []}, "AutoFixConfigManager.get_protected_files": {"executed_lines": [106], "summary": {"covered_lines": 1, "num_statements": 1, "percent_covered": 100.0, "percent_covered_display": "100", "missing_lines": 0, "excluded_lines": 0}, "missing_lines": [], "excluded_lines": []}, "AutoFixConfigManager.validate_fix_request": {"executed_lines": [125, 135, 137, 138, 139, 140, 142, 143, 144, 147, 148, 149, 150, 151, 153, 156, 157, 158, 159, 160, 161, 163, 166, 167, 169, 170, 173, 174, 176, 178, 182, 183, 185, 186, 187, 188, 194], "summary": {"covered_lines": 37, "num_statements": 43, "percent_covered": 86.04651162790698, "percent_covered_display": "86", "missing_lines": 6, "excluded_lines": 0}, "missing_lines": [175, 177, 179, 190, 191, 192], "excluded_lines": []}, "AutoFixConfigManager.create_fix_execution_plan": {"executed_lines": [205, 207, 208, 213, 223, 224, 227, 230, 232], "summary": {"covered_lines": 9, "num_statements": 9, "percent_covered": 100.0, "percent_covered_display": "100", "missing_lines": 0, "excluded_lines": 0}, "missing_lines": [], "excluded_lines": []}, "AutoFixConfigManager.save_auto_fix_settings": {"executed_lines": [244, 247, 250, 256, 257, 258, 260, 261], "summary": {"covered_lines": 8, "num_statements": 8, "percent_covered": 100.0, "percent_covered_display": "100", "missing_lines": 0, "excluded_lines": 0}, "missing_lines": [], "excluded_lines": []}, "AutoFixConfigManager.load_auto_fix_settings": {"executed_lines": [272, 273, 275, 276, 277, 279, 281, 282], "summary": {"covered_lines": 8, "num_statements": 8, "percent_covered": 100.0, "percent_covered_display": "100", "missing_lines": 0, "excluded_lines": 0}, "missing_lines": [], "excluded_lines": []}, "AutoFixConfigManager.get_backup_directory": {"executed_lines": [293], "summary": {"covered_lines": 1, "num_statements": 1, "percent_covered": 100.0, "percent_covered_display": "100", "missing_lines": 0, "excluded_lines": 0}, "missing_lines": [], "excluded_lines": []}, "AutoFixConfigManager.cleanup_old_backups": {"executed_lines": [301, 302, 303, 305, 311, 312], "summary": {"covered_lines": 6, "num_statements": 18, "percent_covered": 33.333333333333336, "percent_covered_display": "33", "missing_lines": 12, "excluded_lines": 0}, "missing_lines": [314, 315, 316, 318, 320, 321, 322, 323, 324, 326, 327, 329], "excluded_lines": []}, "AutoFixConfigManager._validate_auto_fix_settings": {"executed_lines": [341, 342, 343, 344, 347, 348, 349, 352, 353, 354, 355], "summary": {"covered_lines": 11, "num_statements": 11, "percent_covered": 100.0, "percent_covered_display": "100", "missing_lines": 0, "excluded_lines": 0}, "missing_lines": [], "excluded_lines": []}, "AutoFixConfigManager._is_protected_file": {"executed_lines": [367, 369, 370, 371, 372], "summary": {"covered_lines": 5, "num_statements": 5, "percent_covered": 100.0, "percent_covered_display": "100", "missing_lines": 0, "excluded_lines": 0}, "missing_lines": [], "excluded_lines": []}, "AutoFixConfigManager._create_backup_plan": {"executed_lines": [383, 384, 386], "summary": {"covered_lines": 3, "num_statements": 3, "percent_covered": 100.0, "percent_covered_display": "100", "missing_lines": 0, "excluded_lines": 0}, "missing_lines": [], "excluded_lines": []}, "AutoFixConfigManager._create_execution_steps": {"executed_lines": [403, 406, 419, 420, 433, 442, 454], "summary": {"covered_lines": 7, "num_statements": 7, "percent_covered": 100.0, "percent_covered_display": "100", "missing_lines": 0, "excluded_lines": 0}, "missing_lines": [], "excluded_lines": []}, "AutoFixConfigManager._create_rollback_plan": {"executed_lines": [465], "summary": {"covered_lines": 1, "num_statements": 1, "percent_covered": 100.0, "percent_covered_display": "100", "missing_lines": 0, "excluded_lines": 0}, "missing_lines": [], "excluded_lines": []}, "AutoFixConfigManager.get_risk_assessment_criteria": {"executed_lines": [490], "summary": {"covered_lines": 1, "num_statements": 1, "percent_covered": 100.0, "percent_covered_display": "100", "missing_lines": 0, "excluded_lines": 0}, "missing_lines": [], "excluded_lines": []}, "": {"executed_lines": [1, 7, 9, 10, 11, 12, 14, 15, 18, 19, 21, 24, 25, 27, 37, 52, 66, 85, 100, 116, 196, 234, 266, 287, 295, 331, 357, 374, 394, 456, 484], "summary": {"covered_lines": 28, "num_statements": 28, "percent_covered": 100.0, "percent_covered_display": "100", "missing_lines": 0, "excluded_lines": 0}, "missing_lines": [], "excluded_lines": []}}, "classes": {"ValidationError": {"executed_lines": [], "summary": {"covered_lines": 0, "num_statements": 0, "percent_covered": 100.0, "percent_covered_display": "100", "missing_lines": 0, "excluded_lines": 0}, "missing_lines": [], "excluded_lines": []}, "AutoFixConfigManager": {"executed_lines": [33, 34, 35, 43, 58, 72, 75, 83, 91, 106, 125, 135, 137, 138, 139, 140, 142, 143, 144, 147, 148, 149, 150, 151, 153, 156, 157, 158, 159, 160, 161, 163, 166, 167, 169, 170, 173, 174, 176, 178, 182, 183, 185, 186, 187, 188, 194, 205, 207, 208, 213, 223, 224, 227, 230, 232, 244, 247, 250, 256, 257, 258, 260, 261, 272, 273, 275, 276, 277, 279, 281, 282, 293, 301, 302, 303, 305, 311, 312, 341, 342, 343, 344, 347, 348, 349, 352, 353, 354, 355, 367, 369, 370, 371, 372, 383, 384, 386, 403, 406, 419, 420, 433, 442, 454, 465, 490], "summary": {"covered_lines": 107, "num_statements": 125, "percent_covered": 85.6, "percent_covered_display": "86", "missing_lines": 18, "excluded_lines": 0}, "missing_lines": [175, 177, 179, 190, 191, 192, 314, 315, 316, 318, 320, 321, 322, 323, 324, 326, 327, 329], "excluded_lines": []}, "": {"executed_lines": [1, 7, 9, 10, 11, 12, 14, 15, 18, 19, 21, 24, 25, 27, 37, 52, 66, 85, 100, 116, 196, 234, 266, 287, 295, 331, 357, 374, 394, 456, 484], "summary": {"covered_lines": 28, "num_statements": 28, "percent_covered": 100.0, "percent_covered_display": "100", "missing_lines": 0, "excluded_lines": 0}, "missing_lines": [], "excluded_lines": []}}}, "src/ci_helper/ai/auto_fixer.py": {"executed_lines": [1, 7, 9, 10, 11, 12, 13, 14, 16, 17, 18, 19, 21, 24, 25, 31, 39, 40, 43, 44, 47, 50, 52, 65, 67, 69, 70, 72, 73, 86, 89, 90, 92, 94, 95, 96, 112, 113, 116, 124, 126, 127, 129, 130, 131, 133, 143, 144, 145, 146, 148, 149, 150, 153, 154, 155, 156, 157, 158, 159, 160, 161, 162, 163, 164, 165, 166, 167, 168, 169, 170, 171, 172, 173, 174, 176, 183, 184, 186, 187, 188, 189, 190, 191, 192, 193, 194, 196, 201, 202, 203, 204, 205, 206, 207, 208, 209, 210, 211, 212, 213, 214, 215, 216, 222, 223, 225, 226, 227, 228, 234, 235, 236, 237, 238, 239, 247, 248, 250, 251, 252, 253, 257, 258, 259, 260, 261, 263, 264, 265, 266, 267, 268, 269, 270, 271, 272, 273, 274, 275, 276, 278, 279, 280, 281, 282, 283, 285, 286, 292, 293, 294, 295, 296, 297, 298, 299, 300, 301, 302, 303, 304, 307, 308, 309, 310, 311, 319, 320, 321, 329, 330, 331, 332, 333, 334, 335, 336, 337, 338, 340, 341, 344, 345, 346, 347, 348, 349, 354, 355, 356, 359, 360, 361, 362, 363, 364, 366, 367, 369, 370, 372, 373, 374, 375, 376, 379, 381, 388, 390, 391, 397, 398, 399, 400, 401, 402, 404, 405, 408, 416, 417, 418, 419, 420, 421, 430, 431, 432, 433, 434, 436, 437, 438, 440, 448, 455, 456, 457, 462, 463, 464, 465, 466, 467, 468, 470, 471, 472, 477, 478, 479, 480, 482, 483, 484, 485, 486, 487, 489, 491, 492, 493, 494, 495, 496, 497, 500, 501, 502, 503, 504, 505, 506, 507, 508, 509, 510, 511, 516, 517, 518, 519, 520, 521, 526, 527, 528, 529, 530, 538, 539, 540, 541, 542, 543, 544, 545, 553, 554, 555, 556, 557, 558, 559, 560, 563, 564, 565, 571, 581, 582, 583, 585, 586, 591, 592, 593, 594, 602, 605, 606, 608, 609, 611, 613, 616, 626, 628, 629, 631, 633, 634, 635, 636, 637, 638, 639, 640, 641, 642, 643, 644, 645, 646, 647, 648, 650, 651, 652, 653, 654, 655, 657, 659, 660, 661, 662, 663, 664, 665, 669, 670, 671, 672, 674, 675, 676, 677, 678, 679, 680, 681, 682, 691, 692, 693, 694, 695, 696, 697, 698, 699, 700, 701, 702, 703, 704, 705, 706, 707, 708, 709, 711, 712, 713, 714, 715, 716, 717, 718, 719, 720, 721, 722, 723, 724, 725, 726, 727, 733, 734, 735, 736, 737, 738, 739, 741, 742, 745, 747, 749, 750, 751, 752, 753, 754, 757, 759, 761, 762, 764, 765, 766, 767, 769, 772, 773, 780, 781, 795, 797, 799, 800, 801, 809, 810, 812, 819, 821, 822, 823, 824, 825, 826, 827, 828, 829, 830, 831, 840, 842, 843, 844, 845, 852, 853, 854, 859, 866, 878, 882, 887, 893], "summary": {"covered_lines": 313, "num_statements": 413, "percent_covered": 75.78692493946731, "percent_covered_display": "76", "missing_lines": 100, "excluded_lines": 0}, "missing_lines": [76, 77, 82, 83, 97, 99, 100, 101, 103, 249, 255, 256, 262, 277, 284, 342, 343, 351, 352, 353, 357, 358, 365, 368, 371, 378, 380, 382, 383, 385, 386, 389, 403, 407, 435, 439, 469, 481, 488, 499, 561, 562, 599, 601, 603, 604, 607, 610, 612, 615, 625, 627, 630, 649, 656, 658, 666, 667, 668, 673, 732, 740, 746, 755, 758, 760, 763, 768, 771, 779, 782, 783, 784, 790, 793, 796, 798, 811, 834, 835, 837, 838, 839, 855, 857, 877, 879, 881, 886, 892, 898, 899, 902, 904, 905, 906, 908, 914, 916, 922], "excluded_lines": [], "functions": {"AutoFixer.__init__": {"executed_lines": [39, 40, 43, 44, 47, 50], "summary": {"covered_lines": 6, "num_statements": 6, "percent_covered": 100.0, "percent_covered_display": "100", "missing_lines": 0, "excluded_lines": 0}, "missing_lines": [], "excluded_lines": []}, "AutoFixer.apply_fix": {"executed_lines": [65, 67, 69, 70, 72, 73, 86, 89, 90, 92, 94, 95, 96, 112, 113, 116, 124, 126, 127, 129, 130, 131], "summary": {"covered_lines": 22, "num_statements": 31, "percent_covered": 70.96774193548387, "percent_covered_display": "71", "missing_lines": 9, "excluded_lines": 0}, "missing_lines": [76, 77, 82, 83, 97, 99, 100, 101, 103], "excluded_lines": []}, "AutoFixer.create_backup": {"executed_lines": [143, 144, 145, 146, 148, 149, 150, 153, 154, 155, 156, 157, 158, 159, 160, 161, 162, 163, 164, 165, 166, 167, 168, 169, 170, 171, 172, 173, 174, 176, 183, 184, 186, 187, 188, 189, 190, 191, 192, 193, 194, 196, 201, 202, 203, 204, 205, 206, 207, 208, 209, 210, 211, 212, 213, 214, 215, 216, 222, 223, 225, 226, 227, 228, 234, 235, 236], "summary": {"covered_lines": 45, "num_statements": 45, "percent_covered": 100.0, "percent_covered_display": "100", "missing_lines": 0, "excluded_lines": 0}, "missing_lines": [], "excluded_lines": []}, "AutoFixer.rollback_changes": {"executed_lines": [239, 247, 248, 250, 251, 252, 253, 257, 258, 259, 260, 261, 263, 264, 265, 266, 267, 268, 269, 270, 271, 272, 273, 274, 275, 276, 278, 279, 280, 281, 282, 283, 285, 286, 292, 293, 294, 295, 296, 297, 298, 299, 300, 301, 302, 303, 304, 307, 308], "summary": {"covered_lines": 28, "num_statements": 34, "percent_covered": 82.3529411764706, "percent_covered_display": "82", "missing_lines": 6, "excluded_lines": 0}, "missing_lines": [249, 255, 256, 262, 277, 284], "excluded_lines": []}, "AutoFixer.verify_fix_application": {"executed_lines": [311, 319, 320, 321, 329, 330, 331, 332, 333, 334, 335, 336, 337, 338, 340, 341, 344, 345, 346, 347, 348, 349, 354, 355, 356, 359, 360, 361, 362, 363, 364, 366, 367, 369, 370, 372, 373, 374, 375, 376, 379, 381, 388, 390, 391, 397, 398, 399, 400, 401, 402, 404, 405], "summary": {"covered_lines": 36, "num_statements": 54, "percent_covered": 66.66666666666667, "percent_covered_display": "67", "missing_lines": 18, "excluded_lines": 0}, "missing_lines": [342, 343, 351, 352, 353, 357, 358, 365, 368, 371, 378, 380, 382, 383, 385, 386, 389, 403], "excluded_lines": []}, "AutoFixer._requires_approval": {"executed_lines": [408, 416, 417, 418, 419, 420, 421, 430, 431, 432, 433, 434, 436, 437], "summary": {"covered_lines": 8, "num_statements": 9, "percent_covered": 88.88888888888889, "percent_covered_display": "89", "missing_lines": 1, "excluded_lines": 0}, "missing_lines": [435], "excluded_lines": []}, "AutoFixer._convert_code_change_to_fix_step": {"executed_lines": [440, 448], "summary": {"covered_lines": 1, "num_statements": 1, "percent_covered": 100.0, "percent_covered_display": "100", "missing_lines": 0, "excluded_lines": 0}, "missing_lines": [], "excluded_lines": []}, "AutoFixer._apply_fix_step": {"executed_lines": [457, 462, 463, 464, 465, 466, 467, 468], "summary": {"covered_lines": 6, "num_statements": 7, "percent_covered": 85.71428571428571, "percent_covered_display": "86", "missing_lines": 1, "excluded_lines": 0}, "missing_lines": [469], "excluded_lines": []}, "AutoFixer._apply_file_modification": {"executed_lines": [472, 477, 478, 479, 480, 482, 483, 484, 485, 486, 487, 489, 491, 492, 493, 494, 495, 496, 497, 500, 501, 502, 503, 504, 505, 506, 507, 508], "summary": {"covered_lines": 16, "num_statements": 19, "percent_covered": 84.21052631578948, "percent_covered_display": "84", "missing_lines": 3, "excluded_lines": 0}, "missing_lines": [481, 488, 499], "excluded_lines": []}, "AutoFixer._apply_command": {"executed_lines": [511, 516, 517, 518], "summary": {"covered_lines": 2, "num_statements": 2, "percent_covered": 100.0, "percent_covered_display": "100", "missing_lines": 0, "excluded_lines": 0}, "missing_lines": [], "excluded_lines": []}, "AutoFixer._apply_config_change": {"executed_lines": [521, 526, 527], "summary": {"covered_lines": 1, "num_statements": 1, "percent_covered": 100.0, "percent_covered_display": "100", "missing_lines": 0, "excluded_lines": 0}, "missing_lines": [], "excluded_lines": []}, "AutoFixer._calculate_checksum": {"executed_lines": [530, 538, 539, 540, 541, 542], "summary": {"covered_lines": 5, "num_statements": 5, "percent_covered": 100.0, "percent_covered_display": "100", "missing_lines": 0, "excluded_lines": 0}, "missing_lines": [], "excluded_lines": []}, "AutoFixer._check_python_syntax": {"executed_lines": [545, 553, 554, 555, 556, 557, 558, 559, 560], "summary": {"covered_lines": 8, "num_statements": 10, "percent_covered": 80.0, "percent_covered_display": "80", "missing_lines": 2, "excluded_lines": 0}, "missing_lines": [561, 562], "excluded_lines": []}, "AutoFixer._record_fix_history": {"executed_lines": [565, 571, 581, 582, 583], "summary": {"covered_lines": 3, "num_statements": 3, "percent_covered": 100.0, "percent_covered_display": "100", "missing_lines": 0, "excluded_lines": 0}, "missing_lines": [], "excluded_lines": []}, "AutoFixer.get_fix_history": {"executed_lines": [586, 591], "summary": {"covered_lines": 1, "num_statements": 1, "percent_covered": 100.0, "percent_covered_display": "100", "missing_lines": 0, "excluded_lines": 0}, "missing_lines": [], "excluded_lines": []}, "AutoFixer.cleanup_old_backups": {"executed_lines": [594, 602, 605, 606, 608, 609, 611, 613], "summary": {"covered_lines": 6, "num_statements": 13, "percent_covered": 46.15384615384615, "percent_covered_display": "46", "missing_lines": 7, "excluded_lines": 0}, "missing_lines": [599, 601, 603, 604, 607, 610, 612], "excluded_lines": []}, "AutoFixer._verify_file_format": {"executed_lines": [616, 626, 628, 629, 631, 633, 634, 635, 636, 637, 638, 639, 640, 641, 642, 643, 644, 645, 646, 647, 648, 650, 651, 652, 653, 654, 655, 657, 659, 660, 661, 662, 663, 664, 665, 669, 670, 671, 672, 674, 675, 676, 677, 678, 679], "summary": {"covered_lines": 28, "num_statements": 38, "percent_covered": 73.6842105263158, "percent_covered_display": "74", "missing_lines": 10, "excluded_lines": 0}, "missing_lines": [625, 627, 630, 649, 656, 658, 666, 667, 668, 673], "excluded_lines": []}, "AutoFixer._check_file_warnings": {"executed_lines": [682, 691, 692, 693, 694, 695, 696, 697, 698, 699, 700, 701, 702, 703, 704, 705, 706, 707, 708, 709, 711, 712, 713, 714, 715, 716, 717, 718, 719, 720, 721, 722, 723, 724], "summary": {"covered_lines": 20, "num_statements": 20, "percent_covered": 100.0, "percent_covered_display": "100", "missing_lines": 0, "excluded_lines": 0}, "missing_lines": [], "excluded_lines": []}, "AutoFixer._verify_project_integrity": {"executed_lines": [727, 733, 734, 735, 736, 737, 738, 739, 741, 742, 745, 747, 749, 750, 751, 752, 753, 754, 757, 759, 761, 762, 764, 765, 766, 767, 769], "summary": {"covered_lines": 17, "num_statements": 26, "percent_covered": 65.38461538461539, "percent_covered_display": "65", "missing_lines": 9, "excluded_lines": 0}, "missing_lines": [732, 740, 746, 755, 758, 760, 763, 768, 771], "excluded_lines": []}, "AutoFixer.get_backup_list": {"executed_lines": [780, 781, 795, 797], "summary": {"covered_lines": 2, "num_statements": 10, "percent_covered": 20.0, "percent_covered_display": "20", "missing_lines": 8, "excluded_lines": 0}, "missing_lines": [779, 782, 783, 784, 790, 793, 796, 798], "excluded_lines": []}, "AutoFixer.rollback_by_backup_id": {"executed_lines": [801, 809, 810, 812, 819, 821, 822, 823, 824, 825, 826, 827, 828, 829, 830, 831, 840, 842, 843, 844, 845, 852, 853, 854], "summary": {"covered_lines": 17, "num_statements": 25, "percent_covered": 68.0, "percent_covered_display": "68", "missing_lines": 8, "excluded_lines": 0}, "missing_lines": [811, 834, 835, 837, 838, 839, 855, 857], "excluded_lines": []}, "AutoFixer.apply_pattern_based_fix": {"executed_lines": [866, 878, 882, 887, 893], "summary": {"covered_lines": 3, "num_statements": 14, "percent_covered": 21.428571428571427, "percent_covered_display": "21", "missing_lines": 11, "excluded_lines": 0}, "missing_lines": [877, 879, 881, 886, 892, 898, 899, 902, 904, 905, 906], "excluded_lines": []}, "AutoFixer.get_approval_summary": {"executed_lines": [], "summary": {"covered_lines": 0, "num_statements": 1, "percent_covered": 0.0, "percent_covered_display": "0", "missing_lines": 1, "excluded_lines": 0}, "missing_lines": [914], "excluded_lines": []}, "AutoFixer.set_approval_policy": {"executed_lines": [], "summary": {"covered_lines": 0, "num_statements": 1, "percent_covered": 0.0, "percent_covered_display": "0", "missing_lines": 1, "excluded_lines": 0}, "missing_lines": [922], "excluded_lines": []}, "": {"executed_lines": [1, 7, 9, 10, 11, 12, 13, 14, 16, 17, 18, 19, 21, 24, 25, 31, 52, 133, 237, 238, 309, 310, 438, 455, 456, 470, 471, 509, 510, 519, 520, 528, 529, 543, 544, 563, 564, 585, 592, 593, 680, 681, 725, 726, 772, 773, 799, 800, 859], "summary": {"covered_lines": 32, "num_statements": 37, "percent_covered": 86.48648648648648, "percent_covered_display": "86", "missing_lines": 5, "excluded_lines": 0}, "missing_lines": [407, 439, 615, 908, 916], "excluded_lines": []}}, "classes": {"AutoFixer": {"executed_lines": [39, 40, 43, 44, 47, 50, 65, 67, 69, 70, 72, 73, 86, 89, 90, 92, 94, 95, 96, 112, 113, 116, 124, 126, 127, 129, 130, 131, 143, 144, 145, 146, 148, 149, 150, 153, 154, 155, 156, 157, 158, 159, 160, 161, 162, 163, 164, 165, 166, 167, 168, 169, 170, 171, 172, 173, 174, 176, 183, 184, 186, 187, 188, 189, 190, 191, 192, 193, 194, 196, 201, 202, 203, 204, 205, 206, 207, 208, 209, 210, 211, 212, 213, 214, 215, 216, 222, 223, 225, 226, 227, 228, 234, 235, 236, 239, 247, 248, 250, 251, 252, 253, 257, 258, 259, 260, 261, 263, 264, 265, 266, 267, 268, 269, 270, 271, 272, 273, 274, 275, 276, 278, 279, 280, 281, 282, 283, 285, 286, 292, 293, 294, 295, 296, 297, 298, 299, 300, 301, 302, 303, 304, 307, 308, 311, 319, 320, 321, 329, 330, 331, 332, 333, 334, 335, 336, 337, 338, 340, 341, 344, 345, 346, 347, 348, 349, 354, 355, 356, 359, 360, 361, 362, 363, 364, 366, 367, 369, 370, 372, 373, 374, 375, 376, 379, 381, 388, 390, 391, 397, 398, 399, 400, 401, 402, 404, 405, 408, 416, 417, 418, 419, 420, 421, 430, 431, 432, 433, 434, 436, 437, 440, 448, 457, 462, 463, 464, 465, 466, 467, 468, 472, 477, 478, 479, 480, 482, 483, 484, 485, 486, 487, 489, 491, 492, 493, 494, 495, 496, 497, 500, 501, 502, 503, 504, 505, 506, 507, 508, 511, 516, 517, 518, 521, 526, 527, 530, 538, 539, 540, 541, 542, 545, 553, 554, 555, 556, 557, 558, 559, 560, 565, 571, 581, 582, 583, 586, 591, 594, 602, 605, 606, 608, 609, 611, 613, 616, 626, 628, 629, 631, 633, 634, 635, 636, 637, 638, 639, 640, 641, 642, 643, 644, 645, 646, 647, 648, 650, 651, 652, 653, 654, 655, 657, 659, 660, 661, 662, 663, 664, 665, 669, 670, 671, 672, 674, 675, 676, 677, 678, 679, 682, 691, 692, 693, 694, 695, 696, 697, 698, 699, 700, 701, 702, 703, 704, 705, 706, 707, 708, 709, 711, 712, 713, 714, 715, 716, 717, 718, 719, 720, 721, 722, 723, 724, 727, 733, 734, 735, 736, 737, 738, 739, 741, 742, 745, 747, 749, 750, 751, 752, 753, 754, 757, 759, 761, 762, 764, 765, 766, 767, 769, 780, 781, 795, 797, 801, 809, 810, 812, 819, 821, 822, 823, 824, 825, 826, 827, 828, 829, 830, 831, 840, 842, 843, 844, 845, 852, 853, 854, 866, 878, 882, 887, 893], "summary": {"covered_lines": 281, "num_statements": 376, "percent_covered": 74.73404255319149, "percent_covered_display": "75", "missing_lines": 95, "excluded_lines": 0}, "missing_lines": [76, 77, 82, 83, 97, 99, 100, 101, 103, 249, 255, 256, 262, 277, 284, 342, 343, 351, 352, 353, 357, 358, 365, 368, 371, 378, 380, 382, 383, 385, 386, 389, 403, 435, 469, 481, 488, 499, 561, 562, 599, 601, 603, 604, 607, 610, 612, 625, 627, 630, 649, 656, 658, 666, 667, 668, 673, 732, 740, 746, 755, 758, 760, 763, 768, 771, 779, 782, 783, 784, 790, 793, 796, 798, 811, 834, 835, 837, 838, 839, 855, 857, 877, 879, 881, 886, 892, 898, 899, 902, 904, 905, 906, 914, 922], "excluded_lines": []}, "": {"executed_lines": [1, 7, 9, 10, 11, 12, 13, 14, 16, 17, 18, 19, 21, 24, 25, 31, 52, 133, 237, 238, 309, 310, 438, 455, 456, 470, 471, 509, 510, 519, 520, 528, 529, 543, 544, 563, 564, 585, 592, 593, 680, 681, 725, 726, 772, 773, 799, 800, 859], "summary": {"covered_lines": 32, "num_statements": 37, "percent_covered": 86.48648648648648, "percent_covered_display": "86", "missing_lines": 5, "excluded_lines": 0}, "missing_lines": [407, 439, 615, 908, 916], "excluded_lines": []}}}, "src/ci_helper/ai/cache.py": {"executed_lines": [1, 8, 10, 11, 12, 13, 14, 15, 17, 19, 20, 23, 24, 26, 41, 42, 43, 44, 47, 50, 51, 54, 56, 58, 59, 66, 67, 68, 78, 80, 81, 82, 86, 99, 102, 103, 105, 115, 118, 119, 121, 124, 125, 126, 129, 130, 135, 136, 137, 138, 141, 142, 145, 146, 147, 149, 156, 166, 169, 172, 173, 174, 175, 178, 181, 182, 193, 194, 202, 211, 213, 215, 217, 218, 219, 222, 228, 233, 239, 241, 242, 245, 246, 249, 250, 255, 256, 258, 271, 277, 278, 281, 282, 283, 286, 287, 288, 289, 292, 293, 294, 296, 298, 300, 301, 304, 306, 308, 310, 311, 312, 316, 318, 321, 322, 324, 325, 326, 327, 328, 330, 332, 334, 336, 337, 338, 339, 342, 343, 344, 346, 347, 352, 354, 355, 357, 358, 360, 362, 364, 416, 418, 421, 422, 435, 436, 463, 464, 465, 466, 474, 488, 494, 496, 498, 500, 506, 507, 508, 511, 512, 513, 514, 517], "summary": {"covered_lines": 162, "num_statements": 190, "percent_covered": 85.26315789473684, "percent_covered_display": "85", "missing_lines": 28, "excluded_lines": 0}, "missing_lines": [69, 71, 83, 84, 132, 133, 151, 153, 154, 196, 198, 199, 200, 230, 231, 251, 252, 302, 314, 319, 349, 350, 423, 437, 438, 439, 450, 515], "excluded_lines": [], "functions": {"ResponseCache.__init__": {"executed_lines": [41, 42, 43, 44, 47, 50, 51, 54], "summary": {"covered_lines": 8, "num_statements": 8, "percent_covered": 100.0, "percent_covered_display": "100", "missing_lines": 0, "excluded_lines": 0}, "missing_lines": [], "excluded_lines": []}, "ResponseCache._load_metadata": {"executed_lines": [58, 59, 66, 67, 68], "summary": {"covered_lines": 5, "num_statements": 7, "percent_covered": 71.42857142857143, "percent_covered_display": "71", "missing_lines": 2, "excluded_lines": 0}, "missing_lines": [69, 71], "excluded_lines": []}, "ResponseCache._save_metadata": {"executed_lines": [80, 81, 82], "summary": {"covered_lines": 3, "num_statements": 5, "percent_covered": 60.0, "percent_covered_display": "60", "missing_lines": 2, "excluded_lines": 0}, "missing_lines": [83, 84], "excluded_lines": []}, "ResponseCache.get_cache_key": {"executed_lines": [99, 102, 103], "summary": {"covered_lines": 3, "num_statements": 3, "percent_covered": 100.0, "percent_covered_display": "100", "missing_lines": 0, "excluded_lines": 0}, "missing_lines": [], "excluded_lines": []}, "ResponseCache.get": {"executed_lines": [115, 118, 119, 121, 124, 125, 126, 129, 130, 135, 136, 137, 138, 141, 142, 145, 146, 147, 149], "summary": {"covered_lines": 19, "num_statements": 24, "percent_covered": 79.16666666666667, "percent_covered_display": "79", "missing_lines": 5, "excluded_lines": 0}, "missing_lines": [132, 133, 151, 153, 154], "excluded_lines": []}, "ResponseCache.set": {"executed_lines": [166, 169, 172, 173, 174, 175, 178, 181, 182, 193, 194], "summary": {"covered_lines": 11, "num_statements": 15, "percent_covered": 73.33333333333333, "percent_covered_display": "73", "missing_lines": 4, "excluded_lines": 0}, "missing_lines": [196, 198, 199, 200], "excluded_lines": []}, "ResponseCache.remove": {"executed_lines": [211], "summary": {"covered_lines": 1, "num_statements": 1, "percent_covered": 100.0, "percent_covered_display": "100", "missing_lines": 0, "excluded_lines": 0}, "missing_lines": [], "excluded_lines": []}, "ResponseCache.clear": {"executed_lines": [215, 217, 218, 219, 222, 228], "summary": {"covered_lines": 6, "num_statements": 8, "percent_covered": 75.0, "percent_covered_display": "75", "missing_lines": 2, "excluded_lines": 0}, "missing_lines": [230, 231], "excluded_lines": []}, "ResponseCache.get_stats": {"executed_lines": [239, 241, 242, 245, 246, 249, 250, 255, 256, 258], "summary": {"covered_lines": 10, "num_statements": 12, "percent_covered": 83.33333333333333, "percent_covered_display": "83", "missing_lines": 2, "excluded_lines": 0}, "missing_lines": [251, 252], "excluded_lines": []}, "ResponseCache.cleanup_expired": {"executed_lines": [277, 278, 281, 282, 283, 286, 287, 288, 289, 292, 293, 294, 296], "summary": {"covered_lines": 13, "num_statements": 13, "percent_covered": 100.0, "percent_covered_display": "100", "missing_lines": 0, "excluded_lines": 0}, "missing_lines": [], "excluded_lines": []}, "ResponseCache._check_cleanup": {"executed_lines": [300, 301], "summary": {"covered_lines": 2, "num_statements": 3, "percent_covered": 66.66666666666667, "percent_covered_display": "67", "missing_lines": 1, "excluded_lines": 0}, "missing_lines": [302], "excluded_lines": []}, "ResponseCache._ensure_cache_size": {"executed_lines": [306, 308, 310, 311, 312], "summary": {"covered_lines": 5, "num_statements": 6, "percent_covered": 83.33333333333333, "percent_covered_display": "83", "missing_lines": 1, "excluded_lines": 0}, "missing_lines": [314], "excluded_lines": []}, "ResponseCache._find_oldest_entry": {"executed_lines": [318, 321, 322, 324, 325, 326, 327, 328, 330], "summary": {"covered_lines": 9, "num_statements": 10, "percent_covered": 90.0, "percent_covered_display": "90", "missing_lines": 1, "excluded_lines": 0}, "missing_lines": [319], "excluded_lines": []}, "ResponseCache._remove_entry": {"executed_lines": [334, 336, 337, 338, 339, 342, 343, 344, 346, 347], "summary": {"covered_lines": 10, "num_statements": 12, "percent_covered": 83.33333333333333, "percent_covered_display": "83", "missing_lines": 2, "excluded_lines": 0}, "missing_lines": [349, 350], "excluded_lines": []}, "ResponseCache._is_expired": {"executed_lines": [354, 355, 357, 358, 360], "summary": {"covered_lines": 5, "num_statements": 5, "percent_covered": 100.0, "percent_covered_display": "100", "missing_lines": 0, "excluded_lines": 0}, "missing_lines": [], "excluded_lines": []}, "ResponseCache._serialize_analysis_result": {"executed_lines": [364], "summary": {"covered_lines": 1, "num_statements": 1, "percent_covered": 100.0, "percent_covered_display": "100", "missing_lines": 0, "excluded_lines": 0}, "missing_lines": [], "excluded_lines": []}, "ResponseCache._deserialize_analysis_result": {"executed_lines": [418, 421, 422, 435, 436, 463, 464, 465, 466, 474], "summary": {"covered_lines": 10, "num_statements": 15, "percent_covered": 66.66666666666667, "percent_covered_display": "67", "missing_lines": 5, "excluded_lines": 0}, "missing_lines": [423, 437, 438, 439, 450], "excluded_lines": []}, "ResponseCache.invalidate": {"executed_lines": [494], "summary": {"covered_lines": 1, "num_statements": 1, "percent_covered": 100.0, "percent_covered_display": "100", "missing_lines": 0, "excluded_lines": 0}, "missing_lines": [], "excluded_lines": []}, "ResponseCache.clear_all": {"executed_lines": [498], "summary": {"covered_lines": 1, "num_statements": 1, "percent_covered": 100.0, "percent_covered_display": "100", "missing_lines": 0, "excluded_lines": 0}, "missing_lines": [], "excluded_lines": []}, "ResponseCache.get_cache_stats": {"executed_lines": [506, 507, 508, 511, 512, 513, 514, 517], "summary": {"covered_lines": 8, "num_statements": 9, "percent_covered": 88.88888888888889, "percent_covered_display": "89", "missing_lines": 1, "excluded_lines": 0}, "missing_lines": [515], "excluded_lines": []}, "": {"executed_lines": [1, 8, 10, 11, 12, 13, 14, 15, 17, 19, 20, 23, 24, 26, 56, 78, 86, 105, 156, 202, 213, 233, 271, 298, 304, 316, 332, 352, 362, 416, 488, 496, 500], "summary": {"covered_lines": 31, "num_statements": 31, "percent_covered": 100.0, "percent_covered_display": "100", "missing_lines": 0, "excluded_lines": 0}, "missing_lines": [], "excluded_lines": []}}, "classes": {"ResponseCache": {"executed_lines": [41, 42, 43, 44, 47, 50, 51, 54, 58, 59, 66, 67, 68, 80, 81, 82, 99, 102, 103, 115, 118, 119, 121, 124, 125, 126, 129, 130, 135, 136, 137, 138, 141, 142, 145, 146, 147, 149, 166, 169, 172, 173, 174, 175, 178, 181, 182, 193, 194, 211, 215, 217, 218, 219, 222, 228, 239, 241, 242, 245, 246, 249, 250, 255, 256, 258, 277, 278, 281, 282, 283, 286, 287, 288, 289, 292, 293, 294, 296, 300, 301, 306, 308, 310, 311, 312, 318, 321, 322, 324, 325, 326, 327, 328, 330, 334, 336, 337, 338, 339, 342, 343, 344, 346, 347, 354, 355, 357, 358, 360, 364, 418, 421, 422, 435, 436, 463, 464, 465, 466, 474, 494, 498, 506, 507, 508, 511, 512, 513, 514, 517], "summary": {"covered_lines": 131, "num_statements": 159, "percent_covered": 82.38993710691824, "percent_covered_display": "82", "missing_lines": 28, "excluded_lines": 0}, "missing_lines": [69, 71, 83, 84, 132, 133, 151, 153, 154, 196, 198, 199, 200, 230, 231, 251, 252, 302, 314, 319, 349, 350, 423, 437, 438, 439, 450, 515], "excluded_lines": []}, "": {"executed_lines": [1, 8, 10, 11, 12, 13, 14, 15, 17, 19, 20, 23, 24, 26, 56, 78, 86, 105, 156, 202, 213, 233, 271, 298, 304, 316, 332, 352, 362, 416, 488, 496, 500], "summary": {"covered_lines": 31, "num_statements": 31, "percent_covered": 100.0, "percent_covered_display": "100", "missing_lines": 0, "excluded_lines": 0}, "missing_lines": [], "excluded_lines": []}}}, "src/ci_helper/ai/cache_manager.py": {"executed_lines": [1, 8, 10, 11, 14, 16, 20, 21, 23, 38, 39, 40, 41, 43, 44, 46, 48, 54, 55, 57, 59, 77, 80, 81, 82, 83, 85, 87, 107, 110, 111, 112, 113, 118, 124, 130, 131, 132, 133, 140, 146, 152, 153, 154, 165, 189, 198, 204, 206, 207, 209, 210, 211, 214, 215, 216, 218, 230, 243, 248, 256, 305, 326, 327, 328, 331, 334, 336, 338, 344], "summary": {"covered_lines": 68, "num_statements": 117, "percent_covered": 58.11965811965812, "percent_covered_display": "58", "missing_lines": 49, "excluded_lines": 0}, "missing_lines": [17, 78, 108, 114, 116, 125, 134, 135, 147, 159, 160, 171, 172, 177, 178, 179, 183, 184, 199, 224, 225, 232, 233, 235, 237, 245, 246, 254, 262, 263, 268, 269, 270, 273, 274, 275, 276, 277, 280, 281, 282, 285, 286, 287, 292, 293, 300, 302, 303], "excluded_lines": [], "functions": {"CacheManager.__init__": {"executed_lines": [38, 39, 40, 41, 43, 44, 46, 48], "summary": {"covered_lines": 8, "num_statements": 8, "percent_covered": 100.0, "percent_covered_display": "100", "missing_lines": 0, "excluded_lines": 0}, "missing_lines": [], "excluded_lines": []}, "CacheManager.cache": {"executed_lines": [57], "summary": {"covered_lines": 1, "num_statements": 1, "percent_covered": 100.0, "percent_covered_display": "100", "missing_lines": 0, "excluded_lines": 0}, "missing_lines": [], "excluded_lines": []}, "CacheManager.get_cached_result": {"executed_lines": [77, 80, 81, 82, 83, 85], "summary": {"covered_lines": 6, "num_statements": 7, "percent_covered": 85.71428571428571, "percent_covered_display": "86", "missing_lines": 1, "excluded_lines": 0}, "missing_lines": [78], "excluded_lines": []}, "CacheManager.cache_result": {"executed_lines": [107, 110, 111, 112, 113], "summary": {"covered_lines": 5, "num_statements": 8, "percent_covered": 62.5, "percent_covered_display": "62", "missing_lines": 3, "excluded_lines": 0}, "missing_lines": [108, 114, 116], "excluded_lines": []}, "CacheManager.get_cache_stats": {"executed_lines": [124, 130, 131, 132, 133], "summary": {"covered_lines": 5, "num_statements": 8, "percent_covered": 62.5, "percent_covered_display": "62", "missing_lines": 3, "excluded_lines": 0}, "missing_lines": [125, 134, 135], "excluded_lines": []}, "CacheManager.cleanup_cache": {"executed_lines": [146, 152, 153, 154], "summary": {"covered_lines": 4, "num_statements": 7, "percent_covered": 57.142857142857146, "percent_covered_display": "57", "missing_lines": 3, "excluded_lines": 0}, "missing_lines": [147, 159, 160], "excluded_lines": []}, "CacheManager.clear_cache": {"executed_lines": [], "summary": {"covered_lines": 0, "num_statements": 7, "percent_covered": 0.0, "percent_covered_display": "0", "missing_lines": 7, "excluded_lines": 0}, "missing_lines": [171, 172, 177, 178, 179, 183, 184], "excluded_lines": []}, "CacheManager.invalidate_cache_by_provider": {"executed_lines": [198, 204, 206, 207, 209, 210, 211, 214, 215, 216, 218], "summary": {"covered_lines": 11, "num_statements": 14, "percent_covered": 78.57142857142857, "percent_covered_display": "79", "missing_lines": 3, "excluded_lines": 0}, "missing_lines": [199, 224, 225], "excluded_lines": []}, "CacheManager.enable_cache": {"executed_lines": [], "summary": {"covered_lines": 0, "num_statements": 4, "percent_covered": 0.0, "percent_covered_display": "0", "missing_lines": 4, "excluded_lines": 0}, "missing_lines": [232, 233, 235, 237], "excluded_lines": []}, "CacheManager.disable_cache": {"executed_lines": [], "summary": {"covered_lines": 0, "num_statements": 2, "percent_covered": 0.0, "percent_covered_display": "0", "missing_lines": 2, "excluded_lines": 0}, "missing_lines": [245, 246], "excluded_lines": []}, "CacheManager.is_cache_enabled": {"executed_lines": [], "summary": {"covered_lines": 0, "num_statements": 1, "percent_covered": 0.0, "percent_covered_display": "0", "missing_lines": 1, "excluded_lines": 0}, "missing_lines": [254], "excluded_lines": []}, "CacheManager.get_cache_recommendations": {"executed_lines": [], "summary": {"covered_lines": 0, "num_statements": 21, "percent_covered": 0.0, "percent_covered_display": "0", "missing_lines": 21, "excluded_lines": 0}, "missing_lines": [262, 263, 268, 269, 270, 273, 274, 275, 276, 277, 280, 281, 282, 285, 286, 287, 292, 293, 300, 302, 303], "excluded_lines": []}, "CacheManager.get_or_set": {"executed_lines": [326, 327, 328, 331, 334, 336], "summary": {"covered_lines": 6, "num_statements": 6, "percent_covered": 100.0, "percent_covered_display": "100", "missing_lines": 0, "excluded_lines": 0}, "missing_lines": [], "excluded_lines": []}, "CacheManager.invalidate_by_provider": {"executed_lines": [344], "summary": {"covered_lines": 1, "num_statements": 1, "percent_covered": 100.0, "percent_covered_display": "100", "missing_lines": 0, "excluded_lines": 0}, "missing_lines": [], "excluded_lines": []}, "": {"executed_lines": [1, 8, 10, 11, 14, 16, 20, 21, 23, 54, 55, 59, 87, 118, 140, 165, 189, 230, 243, 248, 256, 305, 338], "summary": {"covered_lines": 21, "num_statements": 22, "percent_covered": 95.45454545454545, "percent_covered_display": "95", "missing_lines": 1, "excluded_lines": 0}, "missing_lines": [17], "excluded_lines": []}}, "classes": {"CacheManager": {"executed_lines": [38, 39, 40, 41, 43, 44, 46, 48, 57, 77, 80, 81, 82, 83, 85, 107, 110, 111, 112, 113, 124, 130, 131, 132, 133, 146, 152, 153, 154, 198, 204, 206, 207, 209, 210, 211, 214, 215, 216, 218, 326, 327, 328, 331, 334, 336, 344], "summary": {"covered_lines": 47, "num_statements": 95, "percent_covered": 49.473684210526315, "percent_covered_display": "49", "missing_lines": 48, "excluded_lines": 0}, "missing_lines": [78, 108, 114, 116, 125, 134, 135, 147, 159, 160, 171, 172, 177, 178, 179, 183, 184, 199, 224, 225, 232, 233, 235, 237, 245, 246, 254, 262, 263, 268, 269, 270, 273, 274, 275, 276, 277, 280, 281, 282, 285, 286, 287, 292, 293, 300, 302, 303], "excluded_lines": []}, "": {"executed_lines": [1, 8, 10, 11, 14, 16, 20, 21, 23, 54, 55, 59, 87, 118, 140, 165, 189, 230, 243, 248, 256, 305, 338], "summary": {"covered_lines": 21, "num_statements": 22, "percent_covered": 95.45454545454545, "percent_covered_display": "95", "missing_lines": 1, "excluded_lines": 0}, "missing_lines": [17], "excluded_lines": []}}}, "src/ci_helper/ai/confidence_calculator.py": {"executed_lines": [1, 7, 9, 10, 12, 14, 17, 18, 23, 38, 39, 40, 41, 44, 45, 46, 47, 48, 49, 51, 60, 63, 66, 69, 72, 75, 78, 80, 82, 93, 96, 99, 102, 105, 106, 108, 110, 120, 123, 124, 125, 126, 129, 130, 131, 132, 135, 136, 137, 140, 141, 142, 143, 145, 147, 156, 157, 160, 161, 162, 165, 166, 168, 170, 173, 176, 177, 179, 180, 181, 182, 185, 186, 188, 197, 200, 201, 202, 203, 204, 207, 208, 209, 210, 211, 214, 215, 216, 218, 220, 229, 231, 232, 235, 238, 239, 240, 242, 244, 247, 249, 258, 261, 262, 263, 264, 268, 269, 270, 271, 272, 274, 276, 285, 292, 294, 303, 304, 305, 307, 308, 312, 322, 333, 335, 345, 355, 357, 366, 369, 370, 371, 372, 373, 376, 377, 379, 380, 383, 384, 386, 388, 397, 400, 401, 403, 404, 405, 409, 410, 412, 415, 417, 427, 429, 431, 432, 438, 441, 443, 444, 446, 447, 449, 450, 452, 453, 455], "summary": {"covered_lines": 166, "num_statements": 183, "percent_covered": 90.7103825136612, "percent_covered_display": "91", "missing_lines": 17, "excluded_lines": 0}, "missing_lines": [183, 241, 243, 245, 265, 306, 310, 378, 402, 406, 411, 413, 428, 430, 433, 434, 436], "excluded_lines": [], "functions": {"ConfidenceCalculator.__init__": {"executed_lines": [38, 39, 40, 41, 44, 45, 46, 47, 48, 49], "summary": {"covered_lines": 10, "num_statements": 10, "percent_covered": 100.0, "percent_covered_display": "100", "missing_lines": 0, "excluded_lines": 0}, "missing_lines": [], "excluded_lines": []}, "ConfidenceCalculator.calculate_pattern_confidence": {"executed_lines": [60, 63, 66, 69, 72, 75, 78, 80], "summary": {"covered_lines": 8, "num_statements": 8, "percent_covered": 100.0, "percent_covered_display": "100", "missing_lines": 0, "excluded_lines": 0}, "missing_lines": [], "excluded_lines": []}, "ConfidenceCalculator.calculate_fix_confidence": {"executed_lines": [93, 96, 99, 102, 105, 106, 108], "summary": {"covered_lines": 7, "num_statements": 7, "percent_covered": 100.0, "percent_covered_display": "100", "missing_lines": 0, "excluded_lines": 0}, "missing_lines": [], "excluded_lines": []}, "ConfidenceCalculator.adjust_confidence_by_context": {"executed_lines": [120, 123, 124, 125, 126, 129, 130, 131, 132, 135, 136, 137, 140, 141, 142, 143, 145], "summary": {"covered_lines": 17, "num_statements": 17, "percent_covered": 100.0, "percent_covered_display": "100", "missing_lines": 0, "excluded_lines": 0}, "missing_lines": [], "excluded_lines": []}, "ConfidenceCalculator.resolve_competing_patterns": {"executed_lines": [156, 157, 160, 161, 162, 165, 166, 168, 170, 173, 176, 177, 179, 180, 181, 182, 185, 186], "summary": {"covered_lines": 18, "num_statements": 19, "percent_covered": 94.73684210526316, "percent_covered_display": "95", "missing_lines": 1, "excluded_lines": 0}, "missing_lines": [183], "excluded_lines": []}, "ConfidenceCalculator._calculate_context_clarity": {"executed_lines": [197, 200, 201, 202, 203, 204, 207, 208, 209, 210, 211, 214, 215, 216, 218], "summary": {"covered_lines": 15, "num_statements": 15, "percent_covered": 100.0, "percent_covered_display": "100", "missing_lines": 0, "excluded_lines": 0}, "missing_lines": [], "excluded_lines": []}, "ConfidenceCalculator._calculate_recency_score": {"executed_lines": [229, 231, 232, 235, 238, 239, 240, 242, 244, 247], "summary": {"covered_lines": 10, "num_statements": 13, "percent_covered": 76.92307692307692, "percent_covered_display": "77", "missing_lines": 3, "excluded_lines": 0}, "missing_lines": [241, 243, 245], "excluded_lines": []}, "ConfidenceCalculator._calculate_fix_complexity_factor": {"executed_lines": [258, 261, 262, 263, 264, 268, 269, 270, 271, 272, 274], "summary": {"covered_lines": 11, "num_statements": 12, "percent_covered": 91.66666666666667, "percent_covered_display": "92", "missing_lines": 1, "excluded_lines": 0}, "missing_lines": [265], "excluded_lines": []}, "ConfidenceCalculator._calculate_priority_factor": {"executed_lines": [285, 292], "summary": {"covered_lines": 2, "num_statements": 2, "percent_covered": 100.0, "percent_covered_display": "100", "missing_lines": 0, "excluded_lines": 0}, "missing_lines": [], "excluded_lines": []}, "ConfidenceCalculator._calculate_log_length_factor": {"executed_lines": [303, 304, 305, 307, 308], "summary": {"covered_lines": 5, "num_statements": 7, "percent_covered": 71.42857142857143, "percent_covered_display": "71", "missing_lines": 2, "excluded_lines": 0}, "missing_lines": [306, 310], "excluded_lines": []}, "ConfidenceCalculator._calculate_error_type_factor": {"executed_lines": [322, 333], "summary": {"covered_lines": 2, "num_statements": 2, "percent_covered": 100.0, "percent_covered_display": "100", "missing_lines": 0, "excluded_lines": 0}, "missing_lines": [], "excluded_lines": []}, "ConfidenceCalculator._calculate_project_type_factor": {"executed_lines": [345, 355], "summary": {"covered_lines": 2, "num_statements": 2, "percent_covered": 100.0, "percent_covered_display": "100", "missing_lines": 0, "excluded_lines": 0}, "missing_lines": [], "excluded_lines": []}, "ConfidenceCalculator._calculate_pattern_specificity": {"executed_lines": [366, 369, 370, 371, 372, 373, 376, 377, 379, 380, 383, 384, 386], "summary": {"covered_lines": 13, "num_statements": 14, "percent_covered": 92.85714285714286, "percent_covered_display": "93", "missing_lines": 1, "excluded_lines": 0}, "missing_lines": [378], "excluded_lines": []}, "ConfidenceCalculator._calculate_evidence_strength": {"executed_lines": [397, 400, 401, 403, 404, 405, 409, 410, 412, 415], "summary": {"covered_lines": 10, "num_statements": 14, "percent_covered": 71.42857142857143, "percent_covered_display": "71", "missing_lines": 4, "excluded_lines": 0}, "missing_lines": [402, 406, 411, 413], "excluded_lines": []}, "ConfidenceCalculator.get_confidence_explanation": {"executed_lines": [427, 429, 431, 432, 438, 441, 443, 444, 446, 447, 449, 450, 452, 453, 455], "summary": {"covered_lines": 15, "num_statements": 20, "percent_covered": 75.0, "percent_covered_display": "75", "missing_lines": 5, "excluded_lines": 0}, "missing_lines": [428, 430, 433, 434, 436], "excluded_lines": []}, "": {"executed_lines": [1, 7, 9, 10, 12, 14, 17, 18, 23, 51, 82, 110, 147, 188, 220, 249, 276, 294, 312, 335, 357, 388, 417], "summary": {"covered_lines": 21, "num_statements": 21, "percent_covered": 100.0, "percent_covered_display": "100", "missing_lines": 0, "excluded_lines": 0}, "missing_lines": [], "excluded_lines": []}}, "classes": {"ConfidenceCalculator": {"executed_lines": [38, 39, 40, 41, 44, 45, 46, 47, 48, 49, 60, 63, 66, 69, 72, 75, 78, 80, 93, 96, 99, 102, 105, 106, 108, 120, 123, 124, 125, 126, 129, 130, 131, 132, 135, 136, 137, 140, 141, 142, 143, 145, 156, 157, 160, 161, 162, 165, 166, 168, 170, 173, 176, 177, 179, 180, 181, 182, 185, 186, 197, 200, 201, 202, 203, 204, 207, 208, 209, 210, 211, 214, 215, 216, 218, 229, 231, 232, 235, 238, 239, 240, 242, 244, 247, 258, 261, 262, 263, 264, 268, 269, 270, 271, 272, 274, 285, 292, 303, 304, 305, 307, 308, 322, 333, 345, 355, 366, 369, 370, 371, 372, 373, 376, 377, 379, 380, 383, 384, 386, 397, 400, 401, 403, 404, 405, 409, 410, 412, 415, 427, 429, 431, 432, 438, 441, 443, 444, 446, 447, 449, 450, 452, 453, 455], "summary": {"covered_lines": 145, "num_statements": 162, "percent_covered": 89.50617283950618, "percent_covered_display": "90", "missing_lines": 17, "excluded_lines": 0}, "missing_lines": [183, 241, 243, 245, 265, 306, 310, 378, 402, 406, 411, 413, 428, 430, 433, 434, 436], "excluded_lines": []}, "": {"executed_lines": [1, 7, 9, 10, 12, 14, 17, 18, 23, 51, 82, 110, 147, 188, 220, 249, 276, 294, 312, 335, 357, 388, 417], "summary": {"covered_lines": 21, "num_statements": 21, "percent_covered": 100.0, "percent_covered_display": "100", "missing_lines": 0, "excluded_lines": 0}, "missing_lines": [], "excluded_lines": []}}}, "src/ci_helper/ai/config_manager.py": {"executed_lines": [1, 7, 9, 11, 12, 13, 16, 17, 19, 25, 27, 41, 55, 68, 97, 119, 135, 143, 167, 197, 214, 222, 229, 237, 258, 266], "summary": {"covered_lines": 22, "num_statements": 62, "percent_covered": 35.483870967741936, "percent_covered_display": "35", "missing_lines": 40, "excluded_lines": 0}, "missing_lines": [33, 47, 61, 80, 81, 87, 89, 90, 95, 107, 108, 113, 114, 128, 129, 130, 141, 149, 152, 153, 154, 207, 208, 209, 210, 212, 216, 217, 228, 230, 243, 245, 246, 249, 250, 251, 254, 255, 256, 259], "excluded_lines": [], "functions": {"PatternRecognitionConfigManager.__init__": {"executed_lines": [25], "summary": {"covered_lines": 1, "num_statements": 1, "percent_covered": 100.0, "percent_covered_display": "100", "missing_lines": 0, "excluded_lines": 0}, "missing_lines": [], "excluded_lines": []}, "PatternRecognitionConfigManager.get_pattern_recognition_config": {"executed_lines": [], "summary": {"covered_lines": 0, "num_statements": 1, "percent_covered": 0.0, "percent_covered_display": "0", "missing_lines": 1, "excluded_lines": 0}, "missing_lines": [33], "excluded_lines": []}, "PatternRecognitionConfigManager.get_auto_fix_config": {"executed_lines": [], "summary": {"covered_lines": 0, "num_statements": 1, "percent_covered": 0.0, "percent_covered_display": "0", "missing_lines": 1, "excluded_lines": 0}, "missing_lines": [47], "excluded_lines": []}, "PatternRecognitionConfigManager.get_learning_config": {"executed_lines": [], "summary": {"covered_lines": 0, "num_statements": 1, "percent_covered": 0.0, "percent_covered_display": "0", "missing_lines": 1, "excluded_lines": 0}, "missing_lines": [61], "excluded_lines": []}, "PatternRecognitionConfigManager.validate_pattern_category": {"executed_lines": [], "summary": {"covered_lines": 0, "num_statements": 6, "percent_covered": 0.0, "percent_covered_display": "0", "missing_lines": 6, "excluded_lines": 0}, "missing_lines": [80, 81, 87, 89, 90, 95], "excluded_lines": []}, "PatternRecognitionConfigManager.validate_confidence_threshold": {"executed_lines": [], "summary": {"covered_lines": 0, "num_statements": 4, "percent_covered": 0.0, "percent_covered_display": "0", "missing_lines": 4, "excluded_lines": 0}, "missing_lines": [107, 108, 113, 114], "excluded_lines": []}, "PatternRecognitionConfigManager.validate_risk_tolerance": {"executed_lines": [], "summary": {"covered_lines": 0, "num_statements": 3, "percent_covered": 0.0, "percent_covered_display": "0", "missing_lines": 3, "excluded_lines": 0}, "missing_lines": [128, 129, 130], "excluded_lines": []}, "PatternRecognitionConfigManager.get_ai_config": {"executed_lines": [], "summary": {"covered_lines": 0, "num_statements": 1, "percent_covered": 0.0, "percent_covered_display": "0", "missing_lines": 1, "excluded_lines": 0}, "missing_lines": [141], "excluded_lines": []}, "PatternRecognitionConfigManager.create_ai_config_from_settings": {"executed_lines": [167], "summary": {"covered_lines": 1, "num_statements": 5, "percent_covered": 20.0, "percent_covered_display": "20", "missing_lines": 4, "excluded_lines": 0}, "missing_lines": [149, 152, 153, 154], "excluded_lines": []}, "PatternRecognitionConfigManager.save_pattern_categories": {"executed_lines": [214], "summary": {"covered_lines": 0, "num_statements": 7, "percent_covered": 0.0, "percent_covered_display": "0", "missing_lines": 7, "excluded_lines": 0}, "missing_lines": [207, 208, 209, 210, 212, 216, 217], "excluded_lines": []}, "PatternRecognitionConfigManager.get_pattern_database_info": {"executed_lines": [229], "summary": {"covered_lines": 0, "num_statements": 2, "percent_covered": 0.0, "percent_covered_display": "0", "missing_lines": 2, "excluded_lines": 0}, "missing_lines": [228, 230], "excluded_lines": []}, "PatternRecognitionConfigManager.ensure_pattern_directories": {"executed_lines": [258], "summary": {"covered_lines": 1, "num_statements": 11, "percent_covered": 9.090909090909092, "percent_covered_display": "9", "missing_lines": 10, "excluded_lines": 0}, "missing_lines": [243, 245, 246, 249, 250, 251, 254, 255, 256, 259], "excluded_lines": []}, "": {"executed_lines": [1, 7, 9, 11, 12, 13, 16, 17, 19, 27, 41, 55, 68, 97, 119, 135, 143, 197, 222, 237, 266], "summary": {"covered_lines": 19, "num_statements": 19, "percent_covered": 100.0, "percent_covered_display": "100", "missing_lines": 0, "excluded_lines": 0}, "missing_lines": [], "excluded_lines": []}}, "classes": {"PatternRecognitionConfigManager": {"executed_lines": [25, 167, 214, 229, 258], "summary": {"covered_lines": 3, "num_statements": 43, "percent_covered": 6.976744186046512, "percent_covered_display": "7", "missing_lines": 40, "excluded_lines": 0}, "missing_lines": [33, 47, 61, 80, 81, 87, 89, 90, 95, 107, 108, 113, 114, 128, 129, 130, 141, 149, 152, 153, 154, 207, 208, 209, 210, 212, 216, 217, 228, 230, 243, 245, 246, 249, 250, 251, 254, 255, 256, 259], "excluded_lines": []}, "": {"executed_lines": [1, 7, 9, 11, 12, 13, 16, 17, 19, 27, 41, 55, 68, 97, 119, 135, 143, 197, 222, 237, 266], "summary": {"covered_lines": 19, "num_statements": 19, "percent_covered": 100.0, "percent_covered_display": "100", "missing_lines": 0, "excluded_lines": 0}, "missing_lines": [], "excluded_lines": []}}}, "src/ci_helper/ai/cost_manager.py": {"executed_lines": [1, 8, 10, 11, 12, 14, 15, 16, 18, 22, 23, 25, 38, 39, 40, 42, 44, 65, 75, 93, 96, 99, 102, 104, 118, 127, 128, 130, 143, 152, 153, 154, 156, 173, 183, 188, 191, 192, 200, 216, 247, 253, 256, 257, 260, 266, 267, 268, 269, 270, 276, 277, 281, 282, 285, 294, 296, 298, 301, 303, 305, 307, 310, 312, 321, 323, 324, 325, 327, 329, 330, 332, 359, 370, 378, 400, 410, 419, 421, 427, 429, 438, 440, 441, 442, 443, 445, 446, 448, 449, 453, 463, 465, 468, 470, 471, 472, 473, 474, 475, 477], "summary": {"covered_lines": 99, "num_statements": 139, "percent_covered": 71.22302158273381, "percent_covered_display": "71", "missing_lines": 40, "excluded_lines": 0}, "missing_lines": [19, 184, 185, 186, 193, 194, 222, 225, 226, 227, 229, 230, 231, 233, 234, 245, 261, 278, 286, 299, 304, 306, 308, 314, 315, 316, 317, 319, 340, 349, 350, 352, 354, 355, 357, 366, 367, 368, 376, 466], "excluded_lines": [], "functions": {"CostManager.__init__": {"executed_lines": [38, 39, 40, 42], "summary": {"covered_lines": 4, "num_statements": 4, "percent_covered": 100.0, "percent_covered_display": "100", "missing_lines": 0, "excluded_lines": 0}, "missing_lines": [], "excluded_lines": []}, "CostManager.record_ai_usage": {"executed_lines": [65], "summary": {"covered_lines": 1, "num_statements": 1, "percent_covered": 100.0, "percent_covered_display": "100", "missing_lines": 0, "excluded_lines": 0}, "missing_lines": [], "excluded_lines": []}, "CostManager.estimate_request_cost": {"executed_lines": [93, 96, 99, 102, 104], "summary": {"covered_lines": 5, "num_statements": 5, "percent_covered": 100.0, "percent_covered_display": "100", "missing_lines": 0, "excluded_lines": 0}, "missing_lines": [], "excluded_lines": []}, "CostManager.check_usage_limits": {"executed_lines": [127, 128, 130], "summary": {"covered_lines": 3, "num_statements": 3, "percent_covered": 100.0, "percent_covered_display": "100", "missing_lines": 0, "excluded_lines": 0}, "missing_lines": [], "excluded_lines": []}, "CostManager.get_usage_summary": {"executed_lines": [152, 153, 154, 156], "summary": {"covered_lines": 4, "num_statements": 4, "percent_covered": 100.0, "percent_covered_display": "100", "missing_lines": 0, "excluded_lines": 0}, "missing_lines": [], "excluded_lines": []}, "CostManager.get_monthly_report": {"executed_lines": [183, 188, 191, 192, 200], "summary": {"covered_lines": 5, "num_statements": 10, "percent_covered": 50.0, "percent_covered_display": "50", "missing_lines": 5, "excluded_lines": 0}, "missing_lines": [184, 185, 186, 193, 194], "excluded_lines": []}, "CostManager.get_cost_warnings": {"executed_lines": [], "summary": {"covered_lines": 0, "num_statements": 10, "percent_covered": 0.0, "percent_covered_display": "0", "missing_lines": 10, "excluded_lines": 0}, "missing_lines": [222, 225, 226, 227, 229, 230, 231, 233, 234, 245], "excluded_lines": []}, "CostManager.get_cost_recommendations": {"executed_lines": [253, 256, 257, 260, 266, 267, 268, 269, 270, 276, 277, 281, 282, 285, 294], "summary": {"covered_lines": 15, "num_statements": 18, "percent_covered": 83.33333333333333, "percent_covered_display": "83", "missing_lines": 3, "excluded_lines": 0}, "missing_lines": [261, 278, 286], "excluded_lines": []}, "CostManager._get_warning_level": {"executed_lines": [298, 301, 303, 305, 307, 310], "summary": {"covered_lines": 6, "num_statements": 10, "percent_covered": 60.0, "percent_covered_display": "60", "missing_lines": 4, "excluded_lines": 0}, "missing_lines": [299, 304, 306, 308], "excluded_lines": []}, "CostManager._get_warning_message": {"executed_lines": [], "summary": {"covered_lines": 0, "num_statements": 5, "percent_covered": 0.0, "percent_covered_display": "0", "missing_lines": 5, "excluded_lines": 0}, "missing_lines": [314, 315, 316, 317, 319], "excluded_lines": []}, "CostManager._days_until_reset": {"executed_lines": [323, 324, 325], "summary": {"covered_lines": 3, "num_statements": 3, "percent_covered": 100.0, "percent_covered_display": "100", "missing_lines": 0, "excluded_lines": 0}, "missing_lines": [], "excluded_lines": []}, "CostManager._get_top_items": {"executed_lines": [329, 330], "summary": {"covered_lines": 2, "num_statements": 2, "percent_covered": 100.0, "percent_covered_display": "100", "missing_lines": 0, "excluded_lines": 0}, "missing_lines": [], "excluded_lines": []}, "CostManager.export_cost_report": {"executed_lines": [], "summary": {"covered_lines": 0, "num_statements": 7, "percent_covered": 0.0, "percent_covered_display": "0", "missing_lines": 7, "excluded_lines": 0}, "missing_lines": [340, 349, 350, 352, 354, 355, 357], "excluded_lines": []}, "CostManager.set_cost_limit": {"executed_lines": [], "summary": {"covered_lines": 0, "num_statements": 3, "percent_covered": 0.0, "percent_covered_display": "0", "missing_lines": 3, "excluded_lines": 0}, "missing_lines": [366, 367, 368], "excluded_lines": []}, "CostManager.get_cost_limits": {"executed_lines": [], "summary": {"covered_lines": 0, "num_statements": 1, "percent_covered": 0.0, "percent_covered_display": "0", "missing_lines": 1, "excluded_lines": 0}, "missing_lines": [376], "excluded_lines": []}, "CostManager.record_usage": {"executed_lines": [400], "summary": {"covered_lines": 1, "num_statements": 1, "percent_covered": 100.0, "percent_covered_display": "100", "missing_lines": 0, "excluded_lines": 0}, "missing_lines": [], "excluded_lines": []}, "CostManager.check_limits": {"executed_lines": [419], "summary": {"covered_lines": 1, "num_statements": 1, "percent_covered": 100.0, "percent_covered_display": "100", "missing_lines": 0, "excluded_lines": 0}, "missing_lines": [], "excluded_lines": []}, "CostManager.get_cost_optimization_suggestions": {"executed_lines": [427], "summary": {"covered_lines": 1, "num_statements": 1, "percent_covered": 100.0, "percent_covered_display": "100", "missing_lines": 0, "excluded_lines": 0}, "missing_lines": [], "excluded_lines": []}, "CostManager.validate_request_cost": {"executed_lines": [438, 440, 441, 442, 443, 445, 446, 448, 449], "summary": {"covered_lines": 9, "num_statements": 9, "percent_covered": 100.0, "percent_covered_display": "100", "missing_lines": 0, "excluded_lines": 0}, "missing_lines": [], "excluded_lines": []}, "CostManager._calculate_warning_level": {"executed_lines": [463, 465, 468, 470, 471, 472, 473, 474, 475, 477], "summary": {"covered_lines": 10, "num_statements": 11, "percent_covered": 90.9090909090909, "percent_covered_display": "91", "missing_lines": 1, "excluded_lines": 0}, "missing_lines": [466], "excluded_lines": []}, "": {"executed_lines": [1, 8, 10, 11, 12, 14, 15, 16, 18, 22, 23, 25, 44, 75, 118, 143, 173, 216, 247, 296, 312, 321, 327, 332, 359, 370, 378, 410, 421, 429, 453], "summary": {"covered_lines": 29, "num_statements": 30, "percent_covered": 96.66666666666667, "percent_covered_display": "97", "missing_lines": 1, "excluded_lines": 0}, "missing_lines": [19], "excluded_lines": []}}, "classes": {"CostManager": {"executed_lines": [38, 39, 40, 42, 65, 93, 96, 99, 102, 104, 127, 128, 130, 152, 153, 154, 156, 183, 188, 191, 192, 200, 253, 256, 257, 260, 266, 267, 268, 269, 270, 276, 277, 281, 282, 285, 294, 298, 301, 303, 305, 307, 310, 323, 324, 325, 329, 330, 400, 419, 427, 438, 440, 441, 442, 443, 445, 446, 448, 449, 463, 465, 468, 470, 471, 472, 473, 474, 475, 477], "summary": {"covered_lines": 70, "num_statements": 109, "percent_covered": 64.22018348623853, "percent_covered_display": "64", "missing_lines": 39, "excluded_lines": 0}, "missing_lines": [184, 185, 186, 193, 194, 222, 225, 226, 227, 229, 230, 231, 233, 234, 245, 261, 278, 286, 299, 304, 306, 308, 314, 315, 316, 317, 319, 340, 349, 350, 352, 354, 355, 357, 366, 367, 368, 376, 466], "excluded_lines": []}, "": {"executed_lines": [1, 8, 10, 11, 12, 14, 15, 16, 18, 22, 23, 25, 44, 75, 118, 143, 173, 216, 247, 296, 312, 321, 327, 332, 359, 370, 378, 410, 421, 429, 453], "summary": {"covered_lines": 29, "num_statements": 30, "percent_covered": 96.66666666666667, "percent_covered_display": "97", "missing_lines": 1, "excluded_lines": 0}, "missing_lines": [19], "excluded_lines": []}}}, "src/ci_helper/ai/cost_tracker.py": {"executed_lines": [1, 8, 10, 11, 12, 13, 14, 16, 18, 19, 22, 23, 25, 38, 39, 40, 43, 46, 48, 50, 51, 58, 59, 60, 61, 63, 70, 82, 105, 106, 109, 112, 113, 115, 116, 118, 119, 129, 130, 131, 132, 133, 136, 139, 150, 153, 154, 156, 168, 170, 181, 182, 184, 185, 186, 187, 188, 189, 192, 193, 194, 196, 197, 198, 200, 201, 203, 204, 205, 217, 222, 224, 234, 235, 237, 238, 239, 240, 242, 244, 246, 247, 249, 250, 251, 253, 254, 255, 256, 259, 260, 261, 262, 265, 266, 267, 268, 271, 272, 273, 274, 277, 278, 280, 295, 305, 308, 309, 310, 311, 316, 319, 320, 321, 323, 324, 327, 330, 332, 340, 359, 363, 364, 373, 376, 384, 385, 386, 388, 390, 406, 415, 416, 418, 419, 420, 421, 424, 425, 426, 427, 430, 431, 432, 433, 436, 437, 438, 439, 441, 443, 452, 467, 511, 520, 521, 523, 524, 525, 526, 528, 532, 533, 535, 536, 537, 538, 541, 542, 550, 551, 553, 564, 566, 567, 568, 569, 573, 582, 583, 586, 587, 588, 593, 596, 597, 598, 599, 601, 602, 603, 604, 610, 611, 612, 614, 616, 618, 620, 631, 632, 634, 635, 636, 637, 639, 641, 650, 652], "summary": {"covered_lines": 207, "num_statements": 254, "percent_covered": 81.49606299212599, "percent_covered_display": "81", "missing_lines": 47, "excluded_lines": 0}, "missing_lines": [72, 73, 75, 76, 77, 78, 79, 80, 137, 218, 220, 328, 360, 365, 366, 367, 368, 371, 393, 400, 401, 402, 404, 459, 460, 461, 462, 463, 465, 469, 470, 473, 474, 477, 492, 493, 508, 509, 529, 544, 545, 547, 548, 570, 571, 605, 607], "excluded_lines": [], "functions": {"CostTracker.__init__": {"executed_lines": [38, 39, 40, 43, 46], "summary": {"covered_lines": 5, "num_statements": 5, "percent_covered": 100.0, "percent_covered_display": "100", "missing_lines": 0, "excluded_lines": 0}, "missing_lines": [], "excluded_lines": []}, "CostTracker._load_usage_data": {"executed_lines": [50, 51, 58, 59, 60, 61, 63], "summary": {"covered_lines": 7, "num_statements": 7, "percent_covered": 100.0, "percent_covered_display": "100", "missing_lines": 0, "excluded_lines": 0}, "missing_lines": [], "excluded_lines": []}, "CostTracker._save_usage_data": {"executed_lines": [], "summary": {"covered_lines": 0, "num_statements": 8, "percent_covered": 0.0, "percent_covered_display": "0", "missing_lines": 8, "excluded_lines": 0}, "missing_lines": [72, 73, 75, 76, 77, 78, 79, 80], "excluded_lines": []}, "CostTracker.record_usage": {"executed_lines": [105, 106, 109, 112, 113, 115, 116, 118, 119, 129, 130, 131, 132, 133, 136, 139, 150, 153, 154], "summary": {"covered_lines": 19, "num_statements": 20, "percent_covered": 95.0, "percent_covered_display": "95", "missing_lines": 1, "excluded_lines": 0}, "missing_lines": [137], "excluded_lines": []}, "CostTracker.record_usage_async": {"executed_lines": [168], "summary": {"covered_lines": 1, "num_statements": 1, "percent_covered": 100.0, "percent_covered_display": "100", "missing_lines": 0, "excluded_lines": 0}, "missing_lines": [], "excluded_lines": []}, "CostTracker.get_monthly_usage": {"executed_lines": [181, 182, 184, 185, 186, 187, 188, 189, 192, 193, 194, 196, 197, 198, 200, 201, 203, 204, 205, 217, 222], "summary": {"covered_lines": 21, "num_statements": 23, "percent_covered": 91.30434782608695, "percent_covered_display": "91", "missing_lines": 2, "excluded_lines": 0}, "missing_lines": [218, 220], "excluded_lines": []}, "CostTracker.get_usage_stats": {"executed_lines": [234, 235, 237, 238, 239, 240, 242], "summary": {"covered_lines": 7, "num_statements": 7, "percent_covered": 100.0, "percent_covered_display": "100", "missing_lines": 0, "excluded_lines": 0}, "missing_lines": [], "excluded_lines": []}, "CostTracker._calculate_stats": {"executed_lines": [246, 247, 249, 250, 251, 253, 254, 255, 256, 259, 260, 261, 262, 265, 266, 267, 268, 271, 272, 273, 274, 277, 278, 280], "summary": {"covered_lines": 24, "num_statements": 24, "percent_covered": 100.0, "percent_covered_display": "100", "missing_lines": 0, "excluded_lines": 0}, "missing_lines": [], "excluded_lines": []}, "CostTracker.check_limits": {"executed_lines": [305, 308, 309, 310, 311, 316, 319, 320, 321, 323, 324, 327, 330, 332], "summary": {"covered_lines": 14, "num_statements": 15, "percent_covered": 93.33333333333333, "percent_covered_display": "93", "missing_lines": 1, "excluded_lines": 0}, "missing_lines": [328], "excluded_lines": []}, "CostTracker.estimate_request_cost": {"executed_lines": [359, 363, 364], "summary": {"covered_lines": 3, "num_statements": 9, "percent_covered": 33.333333333333336, "percent_covered_display": "33", "missing_lines": 6, "excluded_lines": 0}, "missing_lines": [360, 365, 366, 367, 368, 371], "excluded_lines": []}, "CostTracker._estimate_openai_cost": {"executed_lines": [376, 384, 385, 386, 388], "summary": {"covered_lines": 5, "num_statements": 5, "percent_covered": 100.0, "percent_covered_display": "100", "missing_lines": 0, "excluded_lines": 0}, "missing_lines": [], "excluded_lines": []}, "CostTracker._estimate_anthropic_cost": {"executed_lines": [], "summary": {"covered_lines": 0, "num_statements": 5, "percent_covered": 0.0, "percent_covered_display": "0", "missing_lines": 5, "excluded_lines": 0}, "missing_lines": [393, 400, 401, 402, 404], "excluded_lines": []}, "CostTracker.get_cost_breakdown": {"executed_lines": [415, 416, 418, 419, 420, 421, 424, 425, 426, 427, 430, 431, 432, 433, 436, 437, 438, 439, 441, 443], "summary": {"covered_lines": 20, "num_statements": 20, "percent_covered": 100.0, "percent_covered_display": "100", "missing_lines": 0, "excluded_lines": 0}, "missing_lines": [], "excluded_lines": []}, "CostTracker.export_usage_data": {"executed_lines": [], "summary": {"covered_lines": 0, "num_statements": 6, "percent_covered": 0.0, "percent_covered_display": "0", "missing_lines": 6, "excluded_lines": 0}, "missing_lines": [459, 460, 461, 462, 463, 465], "excluded_lines": []}, "CostTracker._export_csv": {"executed_lines": [], "summary": {"covered_lines": 0, "num_statements": 9, "percent_covered": 0.0, "percent_covered_display": "0", "missing_lines": 9, "excluded_lines": 0}, "missing_lines": [469, 470, 473, 474, 477, 492, 493, 508, 509], "excluded_lines": []}, "CostTracker.get_usage_trends": {"executed_lines": [520, 521, 523, 524, 525, 526, 528, 532, 533, 535, 536, 537, 538, 541, 542, 550, 551, 553], "summary": {"covered_lines": 18, "num_statements": 23, "percent_covered": 78.26086956521739, "percent_covered_display": "78", "missing_lines": 5, "excluded_lines": 0}, "missing_lines": [529, 544, 545, 547, 548], "excluded_lines": []}, "CostTracker.save_usage_data": {"executed_lines": [566, 567, 568, 569], "summary": {"covered_lines": 4, "num_statements": 6, "percent_covered": 66.66666666666667, "percent_covered_display": "67", "missing_lines": 2, "excluded_lines": 0}, "missing_lines": [570, 571], "excluded_lines": []}, "CostTracker.cleanup_old_data": {"executed_lines": [582, 583, 586, 587, 588, 593, 596, 597, 598, 599, 601, 602, 603, 604, 610, 611, 612, 614, 616, 618], "summary": {"covered_lines": 20, "num_statements": 22, "percent_covered": 90.9090909090909, "percent_covered_display": "91", "missing_lines": 2, "excluded_lines": 0}, "missing_lines": [605, 607], "excluded_lines": []}, "CostTracker.get_daily_usage": {"executed_lines": [631, 632, 634, 635, 636, 637, 639], "summary": {"covered_lines": 7, "num_statements": 7, "percent_covered": 100.0, "percent_covered_display": "100", "missing_lines": 0, "excluded_lines": 0}, "missing_lines": [], "excluded_lines": []}, "CostTracker.get_provider_usage": {"executed_lines": [650, 652], "summary": {"covered_lines": 2, "num_statements": 2, "percent_covered": 100.0, "percent_covered_display": "100", "missing_lines": 0, "excluded_lines": 0}, "missing_lines": [], "excluded_lines": []}, "": {"executed_lines": [1, 8, 10, 11, 12, 13, 14, 16, 18, 19, 22, 23, 25, 48, 70, 82, 156, 170, 224, 244, 295, 340, 373, 390, 406, 452, 467, 511, 564, 573, 620, 641], "summary": {"covered_lines": 30, "num_statements": 30, "percent_covered": 100.0, "percent_covered_display": "100", "missing_lines": 0, "excluded_lines": 0}, "missing_lines": [], "excluded_lines": []}}, "classes": {"CostTracker": {"executed_lines": [38, 39, 40, 43, 46, 50, 51, 58, 59, 60, 61, 63, 105, 106, 109, 112, 113, 115, 116, 118, 119, 129, 130, 131, 132, 133, 136, 139, 150, 153, 154, 168, 181, 182, 184, 185, 186, 187, 188, 189, 192, 193, 194, 196, 197, 198, 200, 201, 203, 204, 205, 217, 222, 234, 235, 237, 238, 239, 240, 242, 246, 247, 249, 250, 251, 253, 254, 255, 256, 259, 260, 261, 262, 265, 266, 267, 268, 271, 272, 273, 274, 277, 278, 280, 305, 308, 309, 310, 311, 316, 319, 320, 321, 323, 324, 327, 330, 332, 359, 363, 364, 376, 384, 385, 386, 388, 415, 416, 418, 419, 420, 421, 424, 425, 426, 427, 430, 431, 432, 433, 436, 437, 438, 439, 441, 443, 520, 521, 523, 524, 525, 526, 528, 532, 533, 535, 536, 537, 538, 541, 542, 550, 551, 553, 566, 567, 568, 569, 582, 583, 586, 587, 588, 593, 596, 597, 598, 599, 601, 602, 603, 604, 610, 611, 612, 614, 616, 618, 631, 632, 634, 635, 636, 637, 639, 650, 652], "summary": {"covered_lines": 177, "num_statements": 224, "percent_covered": 79.01785714285714, "percent_covered_display": "79", "missing_lines": 47, "excluded_lines": 0}, "missing_lines": [72, 73, 75, 76, 77, 78, 79, 80, 137, 218, 220, 328, 360, 365, 366, 367, 368, 371, 393, 400, 401, 402, 404, 459, 460, 461, 462, 463, 465, 469, 470, 473, 474, 477, 492, 493, 508, 509, 529, 544, 545, 547, 548, 570, 571, 605, 607], "excluded_lines": []}, "": {"executed_lines": [1, 8, 10, 11, 12, 13, 14, 16, 18, 19, 22, 23, 25, 48, 70, 82, 156, 170, 224, 244, 295, 340, 373, 390, 406, 452, 467, 511, 564, 573, 620, 641], "summary": {"covered_lines": 30, "num_statements": 30, "percent_covered": 100.0, "percent_covered_display": "100", "missing_lines": 0, "excluded_lines": 0}, "missing_lines": [], "excluded_lines": []}}}, "src/ci_helper/ai/custom_pattern_manager.py": {"executed_lines": [1, 7, 9, 10, 11, 12, 13, 15, 16, 17, 20, 21, 23, 29, 30, 31, 33, 59, 62, 65, 80, 82, 84, 90, 91, 93, 94, 95, 97, 98, 99, 112, 114, 116, 117, 122, 135, 136, 138, 139, 140, 141, 143, 144, 150, 152, 153, 154, 157, 160, 163, 165, 167, 176, 177, 180, 182, 183, 186, 187, 189, 199, 202, 206, 227, 228, 229, 230, 232, 233, 238, 251, 252, 257, 258, 259, 261, 262, 268, 275, 276, 278, 279, 280, 282, 283, 287, 302, 303, 310, 322, 325, 327, 329, 338, 349, 350, 351, 356, 357, 358, 359, 360, 361, 364, 365, 366, 376, 377, 381, 387, 389, 391, 411, 412, 414, 417, 420, 423,
[...]
mizer.get_optimization_stats": {"executed_lines": [670], "summary": {"covered_lines": 1, "num_statements": 1, "percent_covered": 100.0, "percent_covered_display": "100", "missing_lines": 0, "excluded_lines": 0}, "missing_lines": [], "excluded_lines": []}, "PerformanceOptimizer.cleanup_all": {"executed_lines": [683], "summary": {"covered_lines": 1, "num_statements": 1, "percent_covered": 100.0, "percent_covered_display": "100", "missing_lines": 0, "excluded_lines": 0}, "missing_lines": [], "excluded_lines": []}, "": {"executed_lines": [1, 7, 9, 10, 11, 12, 13, 14, 15, 17, 21, 22, 27, 36, 44, 56, 57, 62, 70, 98, 117, 148, 188, 189, 194, 213, 238, 272, 305, 334, 358, 386, 398, 420, 436, 456, 476, 502, 503, 508, 513, 536, 552, 562, 586, 604, 623, 624, 629, 647, 664, 677], "summary": {"covered_lines": 46, "num_statements": 47, "percent_covered": 97.87234042553192, "percent_covered_display": "98", "missing_lines": 1, "excluded_lines": 0}, "missing_lines": [18], "excluded_lines": []}}, "classes": {"MemoryLimiter": {"executed_lines": [33, 34, 42, 53], "summary": {"covered_lines": 4, "num_statements": 4, "percent_covered": 100.0, "percent_covered_display": "100", "missing_lines": 0, "excluded_lines": 0}, "missing_lines": [], "excluded_lines": []}, "LogFileStreamer": {"executed_lines": [68, 83, 84, 86, 88, 89, 90, 91, 92, 93, 94, 107, 110, 111, 112, 113, 126, 127, 134, 135, 138, 140, 158, 162, 163, 164, 165], "summary": {"covered_lines": 27, "num_statements": 48, "percent_covered": 56.25, "percent_covered_display": "56", "missing_lines": 21, "excluded_lines": 0}, "missing_lines": [95, 96, 108, 114, 115, 159, 166, 167, 170, 171, 172, 173, 174, 175, 177, 178, 179, 182, 183, 184, 185], "excluded_lines": []}, "FormatResultCache": {"executed_lines": [201, 202, 204, 205, 207, 208, 211, 225, 226, 227, 232, 235, 236, 247, 249, 250, 252, 254, 259, 260, 263, 265, 283, 285, 290, 293, 294, 295, 298, 300, 311, 313, 315, 316, 317, 318, 323, 324, 327, 332, 340, 341, 343, 344, 347, 348, 349, 351, 364, 365, 370, 371, 373, 374, 375, 376, 378, 383, 384, 392, 393, 394, 395, 396, 406, 408, 417, 418, 426, 428, 429, 430, 431, 432, 434, 466, 468, 471, 472, 474, 478, 479, 482, 484, 485], "summary": {"covered_lines": 85, "num_statements": 116, "percent_covered": 73.27586206896552, "percent_covered_display": "73", "missing_lines": 31, "excluded_lines": 0}, "missing_lines": [228, 229, 255, 256, 267, 269, 270, 287, 302, 303, 319, 320, 329, 330, 443, 444, 445, 446, 447, 448, 451, 452, 453, 454, 469, 488, 494, 495, 496, 498, 499], "excluded_lines": []}, "DuplicateProcessingPreventer": {"executed_lines": [510, 511, 522, 524, 525, 528, 529, 534, 545, 546, 548, 549, 550, 558, 559, 560, 568, 569, 571, 572, 573, 581, 592, 593, 595, 596, 597, 599, 600, 602, 613, 615, 616, 617], "summary": {"covered_lines": 34, "num_statements": 38, "percent_covered": 89.47368421052632, "percent_covered_display": "89", "missing_lines": 4, "excluded_lines": 0}, "missing_lines": [531, 532, 618, 620], "excluded_lines": []}, "PerformanceOptimizer": {"executed_lines": [642, 643, 644, 645, 656, 658, 670, 683], "summary": {"covered_lines": 8, "num_statements": 8, "percent_covered": 100.0, "percent_covered_display": "100", "missing_lines": 0, "excluded_lines": 0}, "missing_lines": [], "excluded_lines": []}, "": {"executed_lines": [1, 7, 9, 10, 11, 12, 13, 14, 15, 17, 21, 22, 27, 36, 44, 56, 57, 62, 70, 98, 117, 148, 188, 189, 194, 213, 238, 272, 305, 334, 358, 386, 398, 420, 436, 456, 476, 502, 503, 508, 513, 536, 552, 562, 586, 604, 623, 624, 629, 647, 664, 677], "summary": {"covered_lines": 46, "num_statements": 47, "percent_covered": 97.87234042553192, "percent_covered_display": "98", "missing_lines": 1, "excluded_lines": 0}, "missing_lines": [18], "excluded_lines": []}}}, "src/ci_helper/utils/progress_display.py": {"executed_lines": [1, 7, 9, 10, 11, 12, 14, 15, 16, 17, 20, 21, 26, 32, 33, 35, 51, 57, 60, 61, 62, 65, 66, 68, 69, 76, 77, 79, 82, 83, 85, 88, 89, 90, 91, 92, 93, 94, 95, 97, 99, 108, 109, 111, 112, 113, 114, 115, 117, 133, 138, 139, 141, 142, 144, 146, 167, 168, 170, 172, 175, 177, 184, 185, 188, 195, 197, 199, 200, 201, 204, 205, 208, 209, 213, 215, 223, 230, 231, 233, 235, 238, 239, 241, 243, 245, 246, 247, 249, 265, 271, 274, 275, 278, 280, 281, 284, 285, 294, 295, 297, 299, 300, 303, 304, 305, 306, 307, 308, 313, 318, 319, 321, 334, 335, 338, 341, 342, 343, 346, 347, 350, 355, 358, 359, 360, 361, 363, 365, 374, 376, 378, 385, 390, 391, 392, 399, 409, 410, 412, 413, 420, 421, 423, 424, 432, 433, 441, 442, 450, 451, 461, 470, 472, 478, 482, 485, 495, 496, 497, 500, 506], "summary": {"covered_lines": 160, "num_statements": 182, "percent_covered": 87.91208791208791, "percent_covered_display": "88", "missing_lines": 22, "excluded_lines": 0}, "missing_lines": [70, 71, 72, 74, 75, 217, 219, 220, 221, 286, 287, 288, 289, 290, 291, 293, 309, 310, 393, 394, 395, 397], "excluded_lines": [], "functions": {"ProgressDisplayManager.__init__": {"executed_lines": [32, 33], "summary": {"covered_lines": 2, "num_statements": 2, "percent_covered": 100.0, "percent_covered_display": "100", "missing_lines": 0, "excluded_lines": 0}, "missing_lines": [], "excluded_lines": []}, "ProgressDisplayManager.show_processing_start_message": {"executed_lines": [51, 57, 60, 61, 62, 65, 66, 68, 69, 76, 77, 79, 82, 83, 85, 88, 89, 90, 91, 92, 93, 94, 95, 97], "summary": {"covered_lines": 24, "num_statements": 29, "percent_covered": 82.75862068965517, "percent_covered_display": "83", "missing_lines": 5, "excluded_lines": 0}, "missing_lines": [70, 71, 72, 74, 75], "excluded_lines": []}, "ProgressDisplayManager.is_large_file": {"executed_lines": [108, 109, 111, 112, 113, 114, 115], "summary": {"covered_lines": 7, "num_statements": 7, "percent_covered": 100.0, "percent_covered_display": "100", "missing_lines": 0, "excluded_lines": 0}, "missing_lines": [], "excluded_lines": []}, "ProgressDisplayManager.create_progress_context": {"executed_lines": [133, 138, 139, 141, 142, 144], "summary": {"covered_lines": 6, "num_statements": 6, "percent_covered": 100.0, "percent_covered_display": "100", "missing_lines": 0, "excluded_lines": 0}, "missing_lines": [], "excluded_lines": []}, "ProgressDisplayManager.execute_with_progress": {"executed_lines": [167, 168, 170, 172, 175], "summary": {"covered_lines": 5, "num_statements": 5, "percent_covered": 100.0, "percent_covered_display": "100", "missing_lines": 0, "excluded_lines": 0}, "missing_lines": [], "excluded_lines": []}, "ProgressDisplayManager._execute_with_detailed_progress": {"executed_lines": [184, 185, 188, 195, 197, 199, 200, 201, 204, 205, 208, 209, 213, 215], "summary": {"covered_lines": 14, "num_statements": 18, "percent_covered": 77.77777777777777, "percent_covered_display": "78", "missing_lines": 4, "excluded_lines": 0}, "missing_lines": [217, 219, 220, 221], "excluded_lines": []}, "ProgressDisplayManager._execute_with_simple_progress": {"executed_lines": [230, 231, 233, 235, 238, 239, 241, 243, 245, 246, 247], "summary": {"covered_lines": 11, "num_statements": 11, "percent_covered": 100.0, "percent_covered_display": "100", "missing_lines": 0, "excluded_lines": 0}, "missing_lines": [], "excluded_lines": []}, "ProgressDisplayManager.show_success_message": {"executed_lines": [265, 271, 274, 275, 278, 280, 281, 284, 285, 294, 295, 297, 299, 300, 303, 304, 305, 306, 307, 308, 313, 318, 319], "summary": {"covered_lines": 23, "num_statements": 32, "percent_covered": 71.875, "percent_covered_display": "72", "missing_lines": 9, "excluded_lines": 0}, "missing_lines": [286, 287, 288, 289, 290, 291, 293, 309, 310], "excluded_lines": []}, "ProgressDisplayManager.show_error_message": {"executed_lines": [334, 335, 338, 341, 342, 343, 346, 347, 350, 355, 358, 359, 360, 361, 363], "summary": {"covered_lines": 15, "num_statements": 15, "percent_covered": 100.0, "percent_covered_display": "100", "missing_lines": 0, "excluded_lines": 0}, "missing_lines": [], "excluded_lines": []}, "ProgressDisplayManager.show_menu_return_option": {"executed_lines": [374, 376, 378, 385, 390, 391, 392], "summary": {"covered_lines": 7, "num_statements": 11, "percent_covered": 63.63636363636363, "percent_covered_display": "64", "missing_lines": 4, "excluded_lines": 0}, "missing_lines": [393, 394, 395, 397], "excluded_lines": []}, "ProgressDisplayManager.get_file_processing_suggestions": {"executed_lines": [409, 410, 412, 413, 420, 421, 423, 424, 432, 433, 441, 442, 450, 451, 461, 470], "summary": {"covered_lines": 16, "num_statements": 16, "percent_covered": 100.0, "percent_covered_display": "100", "missing_lines": 0, "excluded_lines": 0}, "missing_lines": [], "excluded_lines": []}, "ProgressDisplayManager.set_large_file_threshold": {"executed_lines": [478], "summary": {"covered_lines": 1, "num_statements": 1, "percent_covered": 100.0, "percent_covered_display": "100", "missing_lines": 0, "excluded_lines": 0}, "missing_lines": [], "excluded_lines": []}, "get_progress_manager": {"executed_lines": [495, 496, 497], "summary": {"covered_lines": 3, "num_statements": 3, "percent_covered": 100.0, "percent_covered_display": "100", "missing_lines": 0, "excluded_lines": 0}, "missing_lines": [], "excluded_lines": []}, "reset_progress_manager": {"executed_lines": [506], "summary": {"covered_lines": 1, "num_statements": 1, "percent_covered": 100.0, "percent_covered_display": "100", "missing_lines": 0, "excluded_lines": 0}, "missing_lines": [], "excluded_lines": []}, "": {"executed_lines": [1, 7, 9, 10, 11, 12, 14, 15, 16, 17, 20, 21, 26, 35, 99, 117, 146, 177, 223, 249, 321, 365, 399, 472, 482, 485, 500], "summary": {"covered_lines": 25, "num_statements": 25, "percent_covered": 100.0, "percent_covered_display": "100", "missing_lines": 0, "excluded_lines": 0}, "missing_lines": [], "excluded_lines": []}}, "classes": {"ProgressDisplayManager": {"executed_lines": [32, 33, 51, 57, 60, 61, 62, 65, 66, 68, 69, 76, 77, 79, 82, 83, 85, 88, 89, 90, 91, 92, 93, 94, 95, 97, 108, 109, 111, 112, 113, 114, 115, 133, 138, 139, 141, 142, 144, 167, 168, 170, 172, 175, 184, 185, 188, 195, 197, 199, 200, 201, 204, 205, 208, 209, 213, 215, 230, 231, 233, 235, 238, 239, 241, 243, 245, 246, 247, 265, 271, 274, 275, 278, 280, 281, 284, 285, 294, 295, 297, 299, 300, 303, 304, 305, 306, 307, 308, 313, 318, 319, 334, 335, 338, 341, 342, 343, 346, 347, 350, 355, 358, 359, 360, 361, 363, 374, 376, 378, 385, 390, 391, 392, 409, 410, 412, 413, 420, 421, 423, 424, 432, 433, 441, 442, 450, 451, 461, 470, 478], "summary": {"covered_lines": 131, "num_statements": 153, "percent_covered": 85.62091503267973, "percent_covered_display": "86", "missing_lines": 22, "excluded_lines": 0}, "missing_lines": [70, 71, 72, 74, 75, 217, 219, 220, 221, 286, 287, 288, 289, 290, 291, 293, 309, 310, 393, 394, 395, 397], "excluded_lines": []}, "": {"executed_lines": [1, 7, 9, 10, 11, 12, 14, 15, 16, 17, 20, 21, 26, 35, 99, 117, 146, 177, 223, 249, 321, 365, 399, 472, 482, 485, 495, 496, 497, 500, 506], "summary": {"covered_lines": 29, "num_statements": 29, "percent_covered": 100.0, "percent_covered_display": "100", "missing_lines": 0, "excluded_lines": 0}, "missing_lines": [], "excluded_lines": []}}}, "src/ci_helper/utils/recovery_guide.py": {"executed_lines": [1, 7, 9, 11, 12, 13, 15, 18, 19, 21, 22, 24, 26, 27, 49, 50, 74, 75, 99, 113, 114, 116, 118, 119, 142, 143, 178, 179, 199, 212, 213, 215, 299, 300, 302, 352, 353, 355, 420, 421, 423, 431, 432, 433, 435, 436, 438, 442, 444, 445, 447], "summary": {"covered_lines": 49, "num_statements": 49, "percent_covered": 100.0, "percent_covered_display": "100", "missing_lines": 0, "excluded_lines": 0}, "missing_lines": [], "excluded_lines": [], "functions": {"RecoveryGuide.get_act_installation_guide": {"executed_lines": [24, 26, 27, 49, 50, 74, 75, 99], "summary": {"covered_lines": 8, "num_statements": 8, "percent_covered": 100.0, "percent_covered_display": "100", "missing_lines": 0, "excluded_lines": 0}, "missing_lines": [], "excluded_lines": []}, "RecoveryGuide.get_docker_installation_guide": {"executed_lines": [116, 118, 119, 142, 143, 178, 179, 199], "summary": {"covered_lines": 8, "num_statements": 8, "percent_covered": 100.0, "percent_covered_display": "100", "missing_lines": 0, "excluded_lines": 0}, "missing_lines": [], "excluded_lines": []}, "RecoveryGuide.get_workflow_setup_guide": {"executed_lines": [215], "summary": {"covered_lines": 1, "num_statements": 1, "percent_covered": 100.0, "percent_covered_display": "100", "missing_lines": 0, "excluded_lines": 0}, "missing_lines": [], "excluded_lines": []}, "RecoveryGuide.get_disk_space_cleanup_guide": {"executed_lines": [302], "summary": {"covered_lines": 1, "num_statements": 1, "percent_covered": 100.0, "percent_covered_display": "100", "missing_lines": 0, "excluded_lines": 0}, "missing_lines": [], "excluded_lines": []}, "RecoveryGuide.get_troubleshooting_guide": {"executed_lines": [355], "summary": {"covered_lines": 1, "num_statements": 1, "percent_covered": 100.0, "percent_covered_display": "100", "missing_lines": 0, "excluded_lines": 0}, "missing_lines": [], "excluded_lines": []}, "RecoveryGuide.display_recovery_guide": {"executed_lines": [423, 431, 432, 433, 435, 436, 438, 442], "summary": {"covered_lines": 8, "num_statements": 8, "percent_covered": 100.0, "percent_covered_display": "100", "missing_lines": 0, "excluded_lines": 0}, "missing_lines": [], "excluded_lines": []}, "RecoveryGuide.get_quick_fixes": {"executed_lines": [447], "summary": {"covered_lines": 1, "num_statements": 1, "percent_covered": 100.0, "percent_covered_display": "100", "missing_lines": 0, "excluded_lines": 0}, "missing_lines": [], "excluded_lines": []}, "": {"executed_lines": [1, 7, 9, 11, 12, 13, 15, 18, 19, 21, 22, 113, 114, 212, 213, 299, 300, 352, 353, 420, 421, 444, 445], "summary": {"covered_lines": 21, "num_statements": 21, "percent_covered": 100.0, "percent_covered_display": "100", "missing_lines": 0, "excluded_lines": 0}, "missing_lines": [], "excluded_lines": []}}, "classes": {"RecoveryGuide": {"executed_lines": [24, 26, 27, 49, 50, 74, 75, 99, 116, 118, 119, 142, 143, 178, 179, 199, 215, 302, 355, 423, 431, 432, 433, 435, 436, 438, 442, 447], "summary": {"covered_lines": 28, "num_statements": 28, "percent_covered": 100.0, "percent_covered_display": "100", "missing_lines": 0, "excluded_lines": 0}, "missing_lines": [], "excluded_lines": []}, "": {"executed_lines": [1, 7, 9, 11, 12, 13, 15, 18, 19, 21, 22, 113, 114, 212, 213, 299, 300, 352, 353, 420, 421, 444, 445], "summary": {"covered_lines": 21, "num_statements": 21, "percent_covered": 100.0, "percent_covered_display": "100", "missing_lines": 0, "excluded_lines": 0}, "missing_lines": [], "excluded_lines": []}}}, "src/ci_helper/utils/workflow_detector.py": {"executed_lines": [1, 7, 9, 10, 12, 13, 16, 17, 19, 26, 30, 31, 33, 41, 75, 114, 147, 186, 203], "summary": {"covered_lines": 16, "num_statements": 116, "percent_covered": 13.793103448275861, "percent_covered_display": "14", "missing_lines": 100, "excluded_lines": 0}, "missing_lines": [20, 21, 22, 23, 24, 27, 39, 50, 51, 53, 55, 56, 58, 61, 62, 63, 64, 65, 66, 67, 68, 71, 73, 84, 85, 88, 89, 90, 92, 94, 95, 98, 101, 104, 105, 106, 108, 110, 111, 112, 125, 126, 129, 130, 131, 132, 133, 136, 137, 138, 139, 140, 141, 142, 143, 145, 156, 159, 160, 161, 162, 163, 164, 165, 166, 167, 168, 169, 170, 171, 173, 174, 175, 176, 179, 180, 181, 182, 184, 195, 197, 198, 199, 201, 209, 210, 211, 214, 216, 218, 219, 220, 221, 222, 223, 224, 225, 226, 227, 228], "excluded_lines": [], "functions": {"WorkflowInfo.__init__": {"executed_lines": [], "summary": {"covered_lines": 0, "num_statements": 5, "percent_covered": 0.0, "percent_covered_display": "0", "missing_lines": 5, "excluded_lines": 0}, "missing_lines": [20, 21, 22, 23, 24], "excluded_lines": []}, "WorkflowInfo.__str__": {"executed_lines": [], "summary": {"covered_lines": 0, "num_statements": 1, "percent_covered": 0.0, "percent_covered_display": "0", "missing_lines": 1, "excluded_lines": 0}, "missing_lines": [27], "excluded_lines": []}, "WorkflowDetector.__init__": {"executed_lines": [], "summary": {"covered_lines": 0, "num_statements": 1, "percent_covered": 0.0, "percent_covered_display": "0", "missing_lines": 1, "excluded_lines": 0}, "missing_lines": [39], "excluded_lines": []}, "WorkflowDetector.find_workflows": {"executed_lines": [], "summary": {"covered_lines": 0, "num_statements": 16, "percent_covered": 0.0, "percent_covered_display": "0", "missing_lines": 16, "excluded_lines": 0}, "missing_lines": [50, 51, 53, 55, 56, 58, 61, 62, 63, 64, 65, 66, 67, 68, 71, 73], "excluded_lines": []}, "WorkflowDetector._parse_workflow_file": {"executed_lines": [], "summary": {"covered_lines": 0, "num_statements": 17, "percent_covered": 0.0, "percent_covered_display": "0", "missing_lines": 17, "excluded_lines": 0}, "missing_lines": [84, 85, 88, 89, 90, 92, 94, 95, 98, 101, 104, 105, 106, 108, 110, 111, 112], "excluded_lines": []}, "WorkflowDetector._parse_workflow_with_regex": {"executed_lines": [], "summary": {"covered_lines": 0, "num_statements": 16, "percent_covered": 0.0, "percent_covered_display": "0", "missing_lines": 16, "excluded_lines": 0}, "missing_lines": [125, 126, 129, 130, 131, 132, 133, 136, 137, 138, 139, 140, 141, 142, 143, 145], "excluded_lines": []}, "WorkflowDetector._generate_description": {"executed_lines": [], "summary": {"covered_lines": 0, "num_statements": 23, "percent_covered": 0.0, "percent_covered_display": "0", "missing_lines": 23, "excluded_lines": 0}, "missing_lines": [156, 159, 160, 161, 162, 163, 164, 165, 166, 167, 168, 169, 170, 171, 173, 174, 175, 176, 179, 180, 181, 182, 184], "excluded_lines": []}, "WorkflowDetector.get_workflow_choices": {"executed_lines": [], "summary": {"covered_lines": 0, "num_statements": 5, "percent_covered": 0.0, "percent_covered_display": "0", "missing_lines": 5, "excluded_lines": 0}, "missing_lines": [195, 197, 198, 199, 201], "excluded_lines": []}, "WorkflowDetector.display_workflows": {"executed_lines": [], "summary": {"covered_lines": 0, "num_statements": 16, "percent_covered": 0.0, "percent_covered_display": "0", "missing_lines": 16, "excluded_lines": 0}, "missing_lines": [209, 210, 211, 214, 216, 218, 219, 220, 221, 222, 223, 224, 225, 226, 227, 228], "excluded_lines": []}, "": {"executed_lines": [1, 7, 9, 10, 12, 13, 16, 17, 19, 26, 30, 31, 33, 41, 75, 114, 147, 186, 203], "summary": {"covered_lines": 16, "num_statements": 16, "percent_covered": 100.0, "percent_covered_display": "100", "missing_lines": 0, "excluded_lines": 0}, "missing_lines": [], "excluded_lines": []}}, "classes": {"WorkflowInfo": {"executed_lines": [], "summary": {"covered_lines": 0, "num_statements": 6, "percent_covered": 0.0, "percent_covered_display": "0", "missing_lines": 6, "excluded_lines": 0}, "missing_lines": [20, 21, 22, 23, 24, 27], "excluded_lines": []}, "WorkflowDetector": {"executed_lines": [], "summary": {"covered_lines": 0, "num_statements": 94, "percent_covered": 0.0, "percent_covered_display": "0", "missing_lines": 94, "excluded_lines": 0}, "missing_lines": [39, 50, 51, 53, 55, 56, 58, 61, 62, 63, 64, 65, 66, 67, 68, 71, 73, 84, 85, 88, 89, 90, 92, 94, 95, 98, 101, 104, 105, 106, 108, 110, 111, 112, 125, 126, 129, 130, 131, 132, 133, 136, 137, 138, 139, 140, 141, 142, 143, 145, 156, 159, 160, 161, 162, 163, 164, 165, 166, 167, 168, 169, 170, 171, 173, 174, 175, 176, 179, 180, 181, 182, 184, 195, 197, 198, 199, 201, 209, 210, 211, 214, 216, 218, 219, 220, 221, 222, 223, 224, 225, 226, 227, 228], "excluded_lines": []}, "": {"executed_lines": [1, 7, 9, 10, 12, 13, 16, 17, 19, 26, 30, 31, 33, 41, 75, 114, 147, 186, 203], "summary": {"covered_lines": 16, "num_statements": 16, "percent_covered": 100.0, "percent_covered_display": "100", "missing_lines": 0, "excluded_lines": 0}, "missing_lines": [], "excluded_lines": []}}}}, "totals": {"covered_lines": 12235, "num_statements": 16781, "percent_covered": 72.90983850783624, "percent_covered_display": "73", "missing_lines": 4546, "excluded_lines": 136}}