{
    "patterns": [
        {
            "id": "compilation_error",
            "name": "コンパイルエラー",
            "category": "build",
            "regex_patterns": [
                "compilation terminated",
                "error: .*\\.c:\\d+:\\d+:",
                "fatal error: .*\\.h: No such file or directory",
                "undefined reference to"
            ],
            "keywords": [
                "compilation terminated",
                "fatal error",
                "undefined reference",
                "No such file"
            ],
            "context_requirements": [
                "compile",
                "build",
                "error"
            ],
            "confidence_base": 0.85,
            "success_rate": 0.70,
            "created_at": "2024-01-01T00:00:00Z",
            "updated_at": "2024-01-01T00:00:00Z",
            "user_defined": false,
            "auto_generated": false,
            "source": "manual",
            "occurrence_count": 0
        },
        {
            "id": "make_target_not_found",
            "name": "Makeターゲット未発見",
            "category": "build",
            "regex_patterns": [
                "make: \\*\\*\\* No rule to make target",
                "No targets specified and no makefile found",
                "make: \\*\\*\\* No targets"
            ],
            "keywords": [
                "No rule to make target",
                "no makefile found",
                "No targets"
            ],
            "context_requirements": [
                "make",
                "target",
                "makefile"
            ],
            "confidence_base": 0.90,
            "success_rate": 0.80,
            "created_at": "2024-01-01T00:00:00Z",
            "updated_at": "2024-01-01T00:00:00Z",
            "user_defined": false,
            "auto_generated": false,
            "source": "manual",
            "occurrence_count": 0
        },
        {
            "id": "cmake_configuration_error",
            "name": "CMake設定エラー",
            "category": "build",
            "regex_patterns": [
                "CMake Error at .*:",
                "Could NOT find .*",
                "CMake Error: The following variables are used in this project, but they are set to NOTFOUND"
            ],
            "keywords": [
                "CMake Error",
                "Could NOT find",
                "NOTFOUND"
            ],
            "context_requirements": [
                "cmake",
                "configuration",
                "error"
            ],
            "confidence_base": 0.88,
            "success_rate": 0.75,
            "created_at": "2024-01-01T00:00:00Z",
            "updated_at": "2024-01-01T00:00:00Z",
            "user_defined": false,
            "auto_generated": false,
            "source": "manual",
            "occurrence_count": 0
        },
        {
            "id": "gradle_build_failure",
            "name": "Gradleビルド失敗",
            "category": "build",
            "regex_patterns": [
                "FAILURE: Build failed with an exception",
                "Execution failed for task",
                "Could not resolve all dependencies"
            ],
            "keywords": [
                "Build failed",
                "Execution failed",
                "resolve all dependencies"
            ],
            "context_requirements": [
                "gradle",
                "build",
                "task"
            ],
            "confidence_base": 0.87,
            "success_rate": 0.78,
            "created_at": "2024-01-01T00:00:00Z",
            "updated_at": "2024-01-01T00:00:00Z",
            "user_defined": false,
            "auto_generated": false,
            "source": "manual",
            "occurrence_count": 0
        },
        {
            "id": "maven_build_failure",
            "name": "Mavenビルド失敗",
            "category": "build",
            "regex_patterns": [
                "\\[ERROR\\] Failed to execute goal",
                "\\[ERROR\\] Could not resolve dependencies",
                "BUILD FAILURE"
            ],
            "keywords": [
                "Failed to execute goal",
                "Could not resolve dependencies",
                "BUILD FAILURE"
            ],
            "context_requirements": [
                "maven",
                "build",
                "goal"
            ],
            "confidence_base": 0.86,
            "success_rate": 0.77,
            "created_at": "2024-01-01T00:00:00Z",
            "updated_at": "2024-01-01T00:00:00Z",
            "user_defined": false,
            "auto_generated": false,
            "source": "manual",
            "occurrence_count": 0
        },
        {
            "id": "npm_build_error",
            "name": "NPMビルドエラー",
            "category": "build",
            "regex_patterns": [
                "npm ERR! code E.*",
                "npm ERR! Failed at the .* script",
                "Error: Cannot find module"
            ],
            "keywords": [
                "npm ERR!",
                "Failed at the",
                "Cannot find module"
            ],
            "context_requirements": [
                "npm",
                "build",
                "script"
            ],
            "confidence_base": 0.84,
            "success_rate": 0.82,
            "created_at": "2024-01-01T00:00:00Z",
            "updated_at": "2024-01-01T00:00:00Z",
            "user_defined": false,
            "auto_generated": false,
            "source": "manual",
            "occurrence_count": 0
        }
    ]
}